<?xml version="1.0" encoding="UTF-8"?>
<testsuite xmlns:xsi="http://www.w3.org/2001/XMLSchema-instance" xsi:noNamespaceSchemaLocation="https://maven.apache.org/surefire/maven-surefire-plugin/xsd/surefire-test-report.xsd" name="Shopping from Amazon" time="192.727" tests="18" errors="14" skipped="0" failures="1">
  <properties>
[...]
</properties>
  <testcase name="Selecting the product correctly and seeing its definition #1" classname="Shopping from Amazon" time="29.837"/>
  <testcase name="Selecting the product correctly and seeing its definition #1" classname="Shopping from Amazon" time="13.517">
    <error message="no such window: target window already closed&#10;from unknown error: web view not found&#10;  (Session info: chrome=103.0.5060.114)&#10;Build info: version: &apos;4.1.4&apos;, revision: &apos;535d840ee2&apos;&#10;System info: host: &apos;00136C&apos;, ip: &apos;2607:9880:4130:5c:0:0:0:3a6c%en0&apos;, os.name: &apos;Mac OS X&apos;, os.arch: &apos;x86_64&apos;, os.version: &apos;10.16&apos;, java.version: &apos;15.0.1&apos;&#10;Driver info: org.openqa.selenium.chrome.ChromeDriver&#10;Command: [d846952a66cea7bcb16676bbebf2810f, findElement {using=id, value=nav-hamburger-menu}]&#10;Capabilities {acceptInsecureCerts: false, browserName: chrome, browserVersion: 103.0.5060.114, chrome: {chromedriverVersion: 103.0.5060.53 (a1711811edd7..., userDataDir: /var/folders/8d/2k8k0_ns53q...}, goog:chromeOptions: {debuggerAddress: localhost:61976}, javascriptEnabled: true, networkConnectionEnabled: false, pageLoadStrategy: normal, platform: MAC, platformName: MAC, proxy: Proxy(), se:cdp: ws://localhost:61976/devtoo..., se:cdpVersion: 103.0.5060.114, setWindowRect: true, strictFileInteractability: false, timeouts: {implicit: 0, pageLoad: 300000, script: 30000}, unhandledPromptBehavior: dismiss and notify, webauthn:extension:credBlob: true, webauthn:extension:largeBlob: true, webauthn:virtualAuthenticators: true}&#10;Session ID: d846952a66cea7bcb16676bbebf2810f" type="org.openqa.selenium.NoSuchWindowException">org.openqa.selenium.NoSuchWindowException: 
no such window: target window already closed
from unknown error: web view not found
  (Session info: chrome=103.0.5060.114)
Build info: version: '4.1.4', revision: '535d840ee2'
System info: host: '00136C', ip: '2607:9880:4130:5c:0:0:0:3a6c%en0', os.name: 'Mac OS X', os.arch: 'x86_64', os.version: '10.16', java.version: '15.0.1'
Driver info: org.openqa.selenium.chrome.ChromeDriver
Command: [d846952a66cea7bcb16676bbebf2810f, findElement {using=id, value=nav-hamburger-menu}]
Capabilities {acceptInsecureCerts: false, browserName: chrome, browserVersion: 103.0.5060.114, chrome: {chromedriverVersion: 103.0.5060.53 (a1711811edd7..., userDataDir: /var/folders/8d/2k8k0_ns53q...}, goog:chromeOptions: {debuggerAddress: localhost:61976}, javascriptEnabled: true, networkConnectionEnabled: false, pageLoadStrategy: normal, platform: MAC, platformName: MAC, proxy: Proxy(), se:cdp: ws://localhost:61976/devtoo..., se:cdpVersion: 103.0.5060.114, setWindowRect: true, strictFileInteractability: false, timeouts: {implicit: 0, pageLoad: 300000, script: 30000}, unhandledPromptBehavior: dismiss and notify, webauthn:extension:credBlob: true, webauthn:extension:largeBlob: true, webauthn:virtualAuthenticators: true}
Session ID: d846952a66cea7bcb16676bbebf2810f
</error>
    <system-out><![CDATA[
@amazon
Scenario Outline: Selecting the product correctly and seeing its definition                                                                                                  &amp#27;[90m# src/test/resources/features/AmazonShopping.feature:18&amp#27;[0m
  &amp#27;[32mGiven &amp#27;[0m&amp#27;[32mthe user is on the main page&amp#27;[0m                                                                                                                                         &amp#27;[90m# com.amazon.step_definitions.MainPageSteps.the_user_on_the_chart_page()&amp#27;[0m
  &amp#27;[31mWhen &amp#27;[0m&amp#27;[31mthe user clicks on burger menu for all products&amp#27;[0m                                                                                                                       &amp#27;[90m# com.amazon.step_definitions.MainPageSteps.the_user_clicks_to_burger_menu_for_all_products()&amp#27;[0m
      &amp#27;[31morg.openqa.selenium.NoSuchWindowException: no such window: target window already closed
from unknown error: web view not found
  (Session info: chrome=103.0.5060.114)
Build info: version: '4.1.4', revision: '535d840ee2'
System info: host: '00136C', ip: '2607:9880:4130:5c:0:0:0:3a6c%en0', os.name: 'Mac OS X', os.arch: 'x86_64', os.version: '10.16', java.version: '15.0.1'
Driver info: org.openqa.selenium.chrome.ChromeDriver
Command: [d846952a66cea7bcb16676bbebf2810f, findElement {using=id, value=nav-hamburger-menu}]
Capabilities {acceptInsecureCerts: false, browserName: chrome, browserVersion: 103.0.5060.114, chrome: {chromedriverVersion: 103.0.5060.53 (a1711811edd7..., userDataDir: /var/folders/8d/2k8k0_ns53q...}, goog:chromeOptions: {debuggerAddress: localhost:61976}, javascriptEnabled: true, networkConnectionEnabled: false, pageLoadStrategy: normal, platform: MAC, platformName: MAC, proxy: Proxy(), se:cdp: ws://localhost:61976/devtoo..., se:cdpVersion: 103.0.5060.114, setWindowRect: true, strictFileInteractability: false, timeouts: {implicit: 0, pageLoad: 300000, script: 30000}, unhandledPromptBehavior: dismiss and notify, webauthn:extension:credBlob: true, webauthn:extension:largeBlob: true, webauthn:virtualAuthenticators: true}
Session ID: d846952a66cea7bcb16676bbebf2810f
	at java.base/jdk.internal.reflect.NativeConstructorAccessorImpl.newInstance0(Native Method)
	at java.base/jdk.internal.reflect.NativeConstructorAccessorImpl.newInstance(NativeConstructorAccessorImpl.java:64)
	at java.base/jdk.internal.reflect.DelegatingConstructorAccessorImpl.newInstance(DelegatingConstructorAccessorImpl.java:45)
	at java.base/java.lang.reflect.Constructor.newInstanceWithCaller(Constructor.java:500)
	at java.base/java.lang.reflect.Constructor.newInstance(Constructor.java:481)
	at org.openqa.selenium.remote.codec.w3c.W3CHttpResponseCodec.createException(W3CHttpResponseCodec.java:200)
	at org.openqa.selenium.remote.codec.w3c.W3CHttpResponseCodec.decode(W3CHttpResponseCodec.java:133)
	at org.openqa.selenium.remote.codec.w3c.W3CHttpResponseCodec.decode(W3CHttpResponseCodec.java:53)
	at org.openqa.selenium.remote.HttpCommandExecutor.execute(HttpCommandExecutor.java:184)
	at org.openqa.selenium.remote.service.DriverCommandExecutor.invokeExecute(DriverCommandExecutor.java:167)
	at org.openqa.selenium.remote.service.DriverCommandExecutor.execute(DriverCommandExecutor.java:142)
	at org.openqa.selenium.remote.RemoteWebDriver.execute(RemoteWebDriver.java:567)
	at org.openqa.selenium.remote.ElementLocation$ElementFinder$2.findElement(ElementLocation.java:162)
	at org.openqa.selenium.remote.ElementLocation.findElement(ElementLocation.java:60)
	at org.openqa.selenium.remote.RemoteWebDriver.findElement(RemoteWebDriver.java:385)
	at org.openqa.selenium.remote.RemoteWebDriver.findElement(RemoteWebDriver.java:377)
	at org.openqa.selenium.support.pagefactory.DefaultElementLocator.findElement(DefaultElementLocator.java:70)
	at org.openqa.selenium.support.pagefactory.internal.LocatingElementHandler.invoke(LocatingElementHandler.java:39)
	at com.sun.proxy.$Proxy22.toString(Unknown Source)
	at java.base/java.lang.String.valueOf(String.java:3367)
	at java.base/java.lang.StringBuilder.append(StringBuilder.java:167)
	at org.openqa.selenium.support.ui.ExpectedConditions$23.toString(ExpectedConditions.java:673)
	at java.base/java.lang.String.valueOf(String.java:3367)
	at java.base/java.lang.StringBuilder.append(StringBuilder.java:167)
	at org.openqa.selenium.support.ui.FluentWait.until(FluentWait.java:229)
	at com.amazon.utilities.BrowserUtils.waitForClickablility(BrowserUtils.java:37)
	at com.amazon.pages.MainPage.clickAllBurgerMenu(MainPage.java:15)
	at com.amazon.step_definitions.MainPageSteps.the_user_clicks_to_burger_menu_for_all_products(MainPageSteps.java:20)
	at ✽.the user clicks on burger menu for all products(file:///Users/goksalcavdar/IdeaProjects/Amazon/src/test/resources/features/AmazonShopping.feature:5)
&amp#27;[0m
  &amp#27;[36mThen &amp#27;[0m&amp#27;[36mthe user clicks &amp#27;[0m&amp#27;[36m&amp#27;[1m"Electronics, Computers & Office"&amp#27;[0m&amp#27;[36m on the main page&amp#27;[0m                                                                                                    &amp#27;[90m# com.amazon.step_definitions.MainPageSteps.the_user_clicks_products_on_the_main_page(java.lang.String)&amp#27;[0m
  &amp#27;[36mAnd &amp#27;[0m&amp#27;[36mthe user clicks the &amp#27;[0m&amp#27;[36m&amp#27;[1m"TV & Home Theatre"&amp#27;[0m&amp#27;[36m on the main page&amp#27;[0m                                                                                                               &amp#27;[90m# com.amazon.step_definitions.MainPageSteps.the_user_clicks_products(java.lang.String)&amp#27;[0m
  &amp#27;[36mAnd &amp#27;[0m&amp#27;[36mthe user is on the categorised product page with &amp#27;[0m&amp#27;[36m&amp#27;[1m"Amazon.ca: Televisions & Video: Electronics: Accessories, Projectors, AV Receivers & Amplifiers, Televisions & More"&amp#27;[0m &amp#27;[90m# com.amazon.step_definitions.CategorisedProductPageSteps.the_user_on_the_categorised_product_page_title(java.lang.String)&amp#27;[0m
  &amp#27;[36mAnd &amp#27;[0m&amp#27;[36mthe user clicks the &amp#27;[0m&amp#27;[36m&amp#27;[1m"Televisions"&amp#27;[0m&amp#27;[36m which is under the &amp#27;[0m&amp#27;[36m&amp#27;[1m"Electronics"&amp#27;[0m&amp#27;[36m on the categorised product page&amp#27;[0m                                                                     &amp#27;[90m# com.amazon.step_definitions.CategorisedProductPageSteps.the_user_clicks_the_product_is_under_the_common_on_categorised_the_product_page(java.lang.String,java.lang.String)&amp#27;[0m
  &amp#27;[36mThen &amp#27;[0m&amp#27;[36mthe user is on the product page with &amp#27;[0m&amp#27;[36m&amp#27;[1m"Amazon.ca: Televisions - Televisions & Video: Electronics"&amp#27;[0m                                                                      &amp#27;[90m# com.amazon.step_definitions.ProductPageSteps.the_user_on_the_product_page(java.lang.String)&amp#27;[0m
  &amp#27;[36mWhen &amp#27;[0m&amp#27;[36mthe user clicks on the &amp#27;[0m&amp#27;[36m&amp#27;[1m"Samsung"&amp#27;[0m                                                                                                                                      &amp#27;[90m# com.amazon.step_definitions.ProductPageSteps.the_user_clicks_on_the_particular_product(java.lang.String)&amp#27;[0m
  &amp#27;[36mAnd &amp#27;[0m&amp#27;[36mthe user selects price preference from &amp#27;[0m&amp#27;[36m&amp#27;[1m"Price: High to Low"&amp#27;[0m&amp#27;[36m on the result page&amp#27;[0m                                                                                         &amp#27;[90m# com.amazon.step_definitions.ResultsPageSteps.the_user_clicks_on_the_particular_product(java.lang.String)&amp#27;[0m
  &amp#27;[36mAnd &amp#27;[0m&amp#27;[36mthe user clicks the second highest priced product on the results page&amp#27;[0m                                                                                                  &amp#27;[90m# com.amazon.step_definitions.ResultsPageSteps.the_user_clicks_the_second_highest_priced_product_on_the_results_page()&amp#27;[0m
  &amp#27;[36mThen &amp#27;[0m&amp#27;[36mthe product description header is visible to the user&amp#27;[0m                                                                                                                 &amp#27;[90m# com.amazon.step_definitions.ProductDescriptionPageSteps.the_product_description_header_is_visible_to_the_user()&amp#27;[0m
Test failed
      &amp#27;[31morg.openqa.selenium.NoSuchWindowException: no such window: target window already closed
from unknown error: web view not found
  (Session info: chrome=103.0.5060.114)
Build info: version: '4.1.4', revision: '535d840ee2'
System info: host: '00136C', ip: '2607:9880:4130:5c:0:0:0:3a6c%en0', os.name: 'Mac OS X', os.arch: 'x86_64', os.version: '10.16', java.version: '15.0.1'
Driver info: org.openqa.selenium.chrome.ChromeDriver
Command: [d846952a66cea7bcb16676bbebf2810f, screenshot {}]
Capabilities {acceptInsecureCerts: false, browserName: chrome, browserVersion: 103.0.5060.114, chrome: {chromedriverVersion: 103.0.5060.53 (a1711811edd7..., userDataDir: /var/folders/8d/2k8k0_ns53q...}, goog:chromeOptions: {debuggerAddress: localhost:61976}, javascriptEnabled: true, networkConnectionEnabled: false, pageLoadStrategy: normal, platform: MAC, platformName: MAC, proxy: Proxy(), se:cdp: ws://localhost:61976/devtoo..., se:cdpVersion: 103.0.5060.114, setWindowRect: true, strictFileInteractability: false, timeouts: {implicit: 0, pageLoad: 300000, script: 30000}, unhandledPromptBehavior: dismiss and notify, webauthn:extension:credBlob: true, webauthn:extension:largeBlob: true, webauthn:virtualAuthenticators: true}
Session ID: d846952a66cea7bcb16676bbebf2810f
	at java.base/jdk.internal.reflect.NativeConstructorAccessorImpl.newInstance0(Native Method)
	at java.base/jdk.internal.reflect.NativeConstructorAccessorImpl.newInstance(NativeConstructorAccessorImpl.java:64)
	at java.base/jdk.internal.reflect.DelegatingConstructorAccessorImpl.newInstance(DelegatingConstructorAccessorImpl.java:45)
	at java.base/java.lang.reflect.Constructor.newInstanceWithCaller(Constructor.java:500)
	at java.base/java.lang.reflect.Constructor.newInstance(Constructor.java:481)
	at org.openqa.selenium.remote.codec.w3c.W3CHttpResponseCodec.createException(W3CHttpResponseCodec.java:200)
	at org.openqa.selenium.remote.codec.w3c.W3CHttpResponseCodec.decode(W3CHttpResponseCodec.java:133)
	at org.openqa.selenium.remote.codec.w3c.W3CHttpResponseCodec.decode(W3CHttpResponseCodec.java:53)
	at org.openqa.selenium.remote.HttpCommandExecutor.execute(HttpCommandExecutor.java:184)
	at org.openqa.selenium.remote.service.DriverCommandExecutor.invokeExecute(DriverCommandExecutor.java:167)
	at org.openqa.selenium.remote.service.DriverCommandExecutor.execute(DriverCommandExecutor.java:142)
	at org.openqa.selenium.remote.RemoteWebDriver.execute(RemoteWebDriver.java:567)
	at org.openqa.selenium.remote.RemoteWebDriver.execute(RemoteWebDriver.java:622)
	at org.openqa.selenium.remote.RemoteWebDriver.execute(RemoteWebDriver.java:626)
	at org.openqa.selenium.remote.RemoteWebDriver.getScreenshotAs(RemoteWebDriver.java:351)
	at com.amazon.step_definitions.Hooks.tearDown(Hooks.java:29)
&amp#27;[0m
]]></system-out>
    <system-err><![CDATA[Starting ChromeDriver 103.0.5060.53 (a1711811edd74ff1cf2150f36ffa3b0dae40b17f-refs/branch-heads/5060@{#853}) on port 56448
Only local connections are allowed.
Please see https://chromedriver.chromium.org/security-considerations for suggestions on keeping ChromeDriver safe.
ChromeDriver was started successfully.
Jul 04, 2022 6:24:07 PM org.openqa.selenium.remote.ProtocolHandshake createSession
INFO: Detected dialect: W3C
Jul 04, 2022 6:24:07 PM org.openqa.selenium.devtools.CdpVersionFinder findNearestMatch
WARNING: Unable to find an exact match for CDP version 103, so returning the closest version found: 101
Jul 04, 2022 6:24:07 PM org.openqa.selenium.devtools.CdpVersionFinder findNearestMatch
INFO: Found CDP implementation for version 103 of 101
]]></system-err>
  </testcase>
  <testcase name="Selecting the product correctly and seeing its definition #1" classname="Shopping from Amazon" time="0">
    <error message="no such window: target window already closed&#10;from unknown error: web view not found&#10;  (Session info: chrome=103.0.5060.114)&#10;Build info: version: &apos;4.1.4&apos;, revision: &apos;535d840ee2&apos;&#10;System info: host: &apos;00136C&apos;, ip: &apos;2607:9880:4130:5c:0:0:0:3a6c%en0&apos;, os.name: &apos;Mac OS X&apos;, os.arch: &apos;x86_64&apos;, os.version: &apos;10.16&apos;, java.version: &apos;15.0.1&apos;&#10;Driver info: org.openqa.selenium.chrome.ChromeDriver&#10;Command: [d846952a66cea7bcb16676bbebf2810f, screenshot {}]&#10;Capabilities {acceptInsecureCerts: false, browserName: chrome, browserVersion: 103.0.5060.114, chrome: {chromedriverVersion: 103.0.5060.53 (a1711811edd7..., userDataDir: /var/folders/8d/2k8k0_ns53q...}, goog:chromeOptions: {debuggerAddress: localhost:61976}, javascriptEnabled: true, networkConnectionEnabled: false, pageLoadStrategy: normal, platform: MAC, platformName: MAC, proxy: Proxy(), se:cdp: ws://localhost:61976/devtoo..., se:cdpVersion: 103.0.5060.114, setWindowRect: true, strictFileInteractability: false, timeouts: {implicit: 0, pageLoad: 300000, script: 30000}, unhandledPromptBehavior: dismiss and notify, webauthn:extension:credBlob: true, webauthn:extension:largeBlob: true, webauthn:virtualAuthenticators: true}&#10;Session ID: d846952a66cea7bcb16676bbebf2810f" type="org.openqa.selenium.NoSuchWindowException">org.openqa.selenium.NoSuchWindowException: 
no such window: target window already closed
from unknown error: web view not found
  (Session info: chrome=103.0.5060.114)
Build info: version: '4.1.4', revision: '535d840ee2'
System info: host: '00136C', ip: '2607:9880:4130:5c:0:0:0:3a6c%en0', os.name: 'Mac OS X', os.arch: 'x86_64', os.version: '10.16', java.version: '15.0.1'
Driver info: org.openqa.selenium.chrome.ChromeDriver
Command: [d846952a66cea7bcb16676bbebf2810f, screenshot {}]
Capabilities {acceptInsecureCerts: false, browserName: chrome, browserVersion: 103.0.5060.114, chrome: {chromedriverVersion: 103.0.5060.53 (a1711811edd7..., userDataDir: /var/folders/8d/2k8k0_ns53q...}, goog:chromeOptions: {debuggerAddress: localhost:61976}, javascriptEnabled: true, networkConnectionEnabled: false, pageLoadStrategy: normal, platform: MAC, platformName: MAC, proxy: Proxy(), se:cdp: ws://localhost:61976/devtoo..., se:cdpVersion: 103.0.5060.114, setWindowRect: true, strictFileInteractability: false, timeouts: {implicit: 0, pageLoad: 300000, script: 30000}, unhandledPromptBehavior: dismiss and notify, webauthn:extension:credBlob: true, webauthn:extension:largeBlob: true, webauthn:virtualAuthenticators: true}
Session ID: d846952a66cea7bcb16676bbebf2810f
</error>
  </testcase>
  <testcase name="Selecting the product correctly and seeing its definition #2" classname="Shopping from Amazon" time="28.78"/>
  <testcase name="Selecting the product correctly and seeing its definition #2" classname="Shopping from Amazon" time="0.01">
    <error message="no such window: target window already closed&#10;from unknown error: web view not found&#10;  (Session info: chrome=103.0.5060.114)&#10;Build info: version: &apos;4.1.4&apos;, revision: &apos;535d840ee2&apos;&#10;System info: host: &apos;00136C&apos;, ip: &apos;2607:9880:4130:5c:0:0:0:3a6c%en0&apos;, os.name: &apos;Mac OS X&apos;, os.arch: &apos;x86_64&apos;, os.version: &apos;10.16&apos;, java.version: &apos;15.0.1&apos;&#10;Driver info: org.openqa.selenium.chrome.ChromeDriver&#10;Command: [d846952a66cea7bcb16676bbebf2810f, maximizeCurrentWindow {}]&#10;Capabilities {acceptInsecureCerts: false, browserName: chrome, browserVersion: 103.0.5060.114, chrome: {chromedriverVersion: 103.0.5060.53 (a1711811edd7..., userDataDir: /var/folders/8d/2k8k0_ns53q...}, goog:chromeOptions: {debuggerAddress: localhost:61976}, javascriptEnabled: true, networkConnectionEnabled: false, pageLoadStrategy: normal, platform: MAC, platformName: MAC, proxy: Proxy(), se:cdp: ws://localhost:61976/devtoo..., se:cdpVersion: 103.0.5060.114, setWindowRect: true, strictFileInteractability: false, timeouts: {implicit: 0, pageLoad: 300000, script: 30000}, unhandledPromptBehavior: dismiss and notify, webauthn:extension:credBlob: true, webauthn:extension:largeBlob: true, webauthn:virtualAuthenticators: true}&#10;Session ID: d846952a66cea7bcb16676bbebf2810f" type="org.openqa.selenium.NoSuchWindowException">org.openqa.selenium.NoSuchWindowException: 
no such window: target window already closed
from unknown error: web view not found
  (Session info: chrome=103.0.5060.114)
Build info: version: '4.1.4', revision: '535d840ee2'
System info: host: '00136C', ip: '2607:9880:4130:5c:0:0:0:3a6c%en0', os.name: 'Mac OS X', os.arch: 'x86_64', os.version: '10.16', java.version: '15.0.1'
Driver info: org.openqa.selenium.chrome.ChromeDriver
Command: [d846952a66cea7bcb16676bbebf2810f, maximizeCurrentWindow {}]
Capabilities {acceptInsecureCerts: false, browserName: chrome, browserVersion: 103.0.5060.114, chrome: {chromedriverVersion: 103.0.5060.53 (a1711811edd7..., userDataDir: /var/folders/8d/2k8k0_ns53q...}, goog:chromeOptions: {debuggerAddress: localhost:61976}, javascriptEnabled: true, networkConnectionEnabled: false, pageLoadStrategy: normal, platform: MAC, platformName: MAC, proxy: Proxy(), se:cdp: ws://localhost:61976/devtoo..., se:cdpVersion: 103.0.5060.114, setWindowRect: true, strictFileInteractability: false, timeouts: {implicit: 0, pageLoad: 300000, script: 30000}, unhandledPromptBehavior: dismiss and notify, webauthn:extension:credBlob: true, webauthn:extension:largeBlob: true, webauthn:virtualAuthenticators: true}
Session ID: d846952a66cea7bcb16676bbebf2810f
</error>
    <system-out><![CDATA[
@amazon
Scenario Outline: Selecting the product correctly and seeing its definition                                                                                                  &amp#27;[90m# src/test/resources/features/AmazonShopping.feature:19&amp#27;[0m
      &amp#27;[31morg.openqa.selenium.NoSuchWindowException: no such window: target window already closed
from unknown error: web view not found
  (Session info: chrome=103.0.5060.114)
Build info: version: '4.1.4', revision: '535d840ee2'
System info: host: '00136C', ip: '2607:9880:4130:5c:0:0:0:3a6c%en0', os.name: 'Mac OS X', os.arch: 'x86_64', os.version: '10.16', java.version: '15.0.1'
Driver info: org.openqa.selenium.chrome.ChromeDriver
Command: [d846952a66cea7bcb16676bbebf2810f, maximizeCurrentWindow {}]
Capabilities {acceptInsecureCerts: false, browserName: chrome, browserVersion: 103.0.5060.114, chrome: {chromedriverVersion: 103.0.5060.53 (a1711811edd7..., userDataDir: /var/folders/8d/2k8k0_ns53q...}, goog:chromeOptions: {debuggerAddress: localhost:61976}, javascriptEnabled: true, networkConnectionEnabled: false, pageLoadStrategy: normal, platform: MAC, platformName: MAC, proxy: Proxy(), se:cdp: ws://localhost:61976/devtoo..., se:cdpVersion: 103.0.5060.114, setWindowRect: true, strictFileInteractability: false, timeouts: {implicit: 0, pageLoad: 300000, script: 30000}, unhandledPromptBehavior: dismiss and notify, webauthn:extension:credBlob: true, webauthn:extension:largeBlob: true, webauthn:virtualAuthenticators: true}
Session ID: d846952a66cea7bcb16676bbebf2810f
	at jdk.internal.reflect.GeneratedConstructorAccessor13.newInstance(Unknown Source)
	at java.base/jdk.internal.reflect.DelegatingConstructorAccessorImpl.newInstance(DelegatingConstructorAccessorImpl.java:45)
	at java.base/java.lang.reflect.Constructor.newInstanceWithCaller(Constructor.java:500)
	at java.base/java.lang.reflect.Constructor.newInstance(Constructor.java:481)
	at org.openqa.selenium.remote.codec.w3c.W3CHttpResponseCodec.createException(W3CHttpResponseCodec.java:200)
	at org.openqa.selenium.remote.codec.w3c.W3CHttpResponseCodec.decode(W3CHttpResponseCodec.java:133)
	at org.openqa.selenium.remote.codec.w3c.W3CHttpResponseCodec.decode(W3CHttpResponseCodec.java:53)
	at org.openqa.selenium.remote.HttpCommandExecutor.execute(HttpCommandExecutor.java:184)
	at org.openqa.selenium.remote.service.DriverCommandExecutor.invokeExecute(DriverCommandExecutor.java:167)
	at org.openqa.selenium.remote.service.DriverCommandExecutor.execute(DriverCommandExecutor.java:142)
	at org.openqa.selenium.remote.RemoteWebDriver.execute(RemoteWebDriver.java:567)
	at org.openqa.selenium.remote.RemoteWebDriver.execute(RemoteWebDriver.java:622)
	at org.openqa.selenium.remote.RemoteWebDriver.execute(RemoteWebDriver.java:626)
	at org.openqa.selenium.remote.RemoteWebDriver$RemoteWebDriverOptions$RemoteWindow.maximize(RemoteWebDriver.java:993)
	at com.amazon.step_definitions.Hooks.setUp(Hooks.java:19)
&amp#27;[0m
  &amp#27;[36mGiven &amp#27;[0m&amp#27;[36mthe user is on the main page&amp#27;[0m                                                                                                                                         &amp#27;[90m# com.amazon.step_definitions.MainPageSteps.the_user_on_the_chart_page()&amp#27;[0m
  &amp#27;[36mWhen &amp#27;[0m&amp#27;[36mthe user clicks on burger menu for all products&amp#27;[0m                                                                                                                       &amp#27;[90m# com.amazon.step_definitions.MainPageSteps.the_user_clicks_to_burger_menu_for_all_products()&amp#27;[0m
  &amp#27;[36mThen &amp#27;[0m&amp#27;[36mthe user clicks &amp#27;[0m&amp#27;[36m&amp#27;[1m"Electronics, Computers & Office"&amp#27;[0m&amp#27;[36m on the main page&amp#27;[0m                                                                                                    &amp#27;[90m# com.amazon.step_definitions.MainPageSteps.the_user_clicks_products_on_the_main_page(java.lang.String)&amp#27;[0m
  &amp#27;[36mAnd &amp#27;[0m&amp#27;[36mthe user clicks the &amp#27;[0m&amp#27;[36m&amp#27;[1m"TV & Home Theatre"&amp#27;[0m&amp#27;[36m on the main page&amp#27;[0m                                                                                                               &amp#27;[90m# com.amazon.step_definitions.MainPageSteps.the_user_clicks_products(java.lang.String)&amp#27;[0m
  &amp#27;[36mAnd &amp#27;[0m&amp#27;[36mthe user is on the categorised product page with &amp#27;[0m&amp#27;[36m&amp#27;[1m"Amazon.ca: Televisions & Video: Electronics: Accessories, Projectors, AV Receivers & Amplifiers, Televisions & More"&amp#27;[0m &amp#27;[90m# com.amazon.step_definitions.CategorisedProductPageSteps.the_user_on_the_categorised_product_page_title(java.lang.String)&amp#27;[0m
  &amp#27;[36mAnd &amp#27;[0m&amp#27;[36mthe user clicks the &amp#27;[0m&amp#27;[36m&amp#27;[1m"Televisions"&amp#27;[0m&amp#27;[36m which is under the &amp#27;[0m&amp#27;[36m&amp#27;[1m"Electronics"&amp#27;[0m&amp#27;[36m on the categorised product page&amp#27;[0m                                                                     &amp#27;[90m# com.amazon.step_definitions.CategorisedProductPageSteps.the_user_clicks_the_product_is_under_the_common_on_categorised_the_product_page(java.lang.String,java.lang.String)&amp#27;[0m
  &amp#27;[36mThen &amp#27;[0m&amp#27;[36mthe user is on the product page with &amp#27;[0m&amp#27;[36m&amp#27;[1m"Amazon.ca: Televisions - Televisions & Video: Electronics"&amp#27;[0m                                                                      &amp#27;[90m# com.amazon.step_definitions.ProductPageSteps.the_user_on_the_product_page(java.lang.String)&amp#27;[0m
  &amp#27;[36mWhen &amp#27;[0m&amp#27;[36mthe user clicks on the &amp#27;[0m&amp#27;[36m&amp#27;[1m"Hisense"&amp#27;[0m                                                                                                                                      &amp#27;[90m# com.amazon.step_definitions.ProductPageSteps.the_user_clicks_on_the_particular_product(java.lang.String)&amp#27;[0m
  &amp#27;[36mAnd &amp#27;[0m&amp#27;[36mthe user selects price preference from &amp#27;[0m&amp#27;[36m&amp#27;[1m"Price: High to Low"&amp#27;[0m&amp#27;[36m on the result page&amp#27;[0m                                                                                         &amp#27;[90m# com.amazon.step_definitions.ResultsPageSteps.the_user_clicks_on_the_particular_product(java.lang.String)&amp#27;[0m
  &amp#27;[36mAnd &amp#27;[0m&amp#27;[36mthe user clicks the second highest priced product on the results page&amp#27;[0m                                                                                                  &amp#27;[90m# com.amazon.step_definitions.ResultsPageSteps.the_user_clicks_the_second_highest_priced_product_on_the_results_page()&amp#27;[0m
  &amp#27;[36mThen &amp#27;[0m&amp#27;[36mthe product description header is visible to the user&amp#27;[0m                                                                                                                 &amp#27;[90m# com.amazon.step_definitions.ProductDescriptionPageSteps.the_product_description_header_is_visible_to_the_user()&amp#27;[0m
Test failed
      &amp#27;[31morg.openqa.selenium.NoSuchWindowException: no such window: target window already closed
from unknown error: web view not found
  (Session info: chrome=103.0.5060.114)
Build info: version: '4.1.4', revision: '535d840ee2'
System info: host: '00136C', ip: '2607:9880:4130:5c:0:0:0:3a6c%en0', os.name: 'Mac OS X', os.arch: 'x86_64', os.version: '10.16', java.version: '15.0.1'
Driver info: org.openqa.selenium.chrome.ChromeDriver
Command: [d846952a66cea7bcb16676bbebf2810f, screenshot {}]
Capabilities {acceptInsecureCerts: false, browserName: chrome, browserVersion: 103.0.5060.114, chrome: {chromedriverVersion: 103.0.5060.53 (a1711811edd7..., userDataDir: /var/folders/8d/2k8k0_ns53q...}, goog:chromeOptions: {debuggerAddress: localhost:61976}, javascriptEnabled: true, networkConnectionEnabled: false, pageLoadStrategy: normal, platform: MAC, platformName: MAC, proxy: Proxy(), se:cdp: ws://localhost:61976/devtoo..., se:cdpVersion: 103.0.5060.114, setWindowRect: true, strictFileInteractability: false, timeouts: {implicit: 0, pageLoad: 300000, script: 30000}, unhandledPromptBehavior: dismiss and notify, webauthn:extension:credBlob: true, webauthn:extension:largeBlob: true, webauthn:virtualAuthenticators: true}
Session ID: d846952a66cea7bcb16676bbebf2810f
	at jdk.internal.reflect.GeneratedConstructorAccessor13.newInstance(Unknown Source)
	at java.base/jdk.internal.reflect.DelegatingConstructorAccessorImpl.newInstance(DelegatingConstructorAccessorImpl.java:45)
	at java.base/java.lang.reflect.Constructor.newInstanceWithCaller(Constructor.java:500)
	at java.base/java.lang.reflect.Constructor.newInstance(Constructor.java:481)
	at org.openqa.selenium.remote.codec.w3c.W3CHttpResponseCodec.createException(W3CHttpResponseCodec.java:200)
	at org.openqa.selenium.remote.codec.w3c.W3CHttpResponseCodec.decode(W3CHttpResponseCodec.java:133)
	at org.openqa.selenium.remote.codec.w3c.W3CHttpResponseCodec.decode(W3CHttpResponseCodec.java:53)
	at org.openqa.selenium.remote.HttpCommandExecutor.execute(HttpCommandExecutor.java:184)
	at org.openqa.selenium.remote.service.DriverCommandExecutor.invokeExecute(DriverCommandExecutor.java:167)
	at org.openqa.selenium.remote.service.DriverCommandExecutor.execute(DriverCommandExecutor.java:142)
	at org.openqa.selenium.remote.RemoteWebDriver.execute(RemoteWebDriver.java:567)
	at org.openqa.selenium.remote.RemoteWebDriver.execute(RemoteWebDriver.java:622)
	at org.openqa.selenium.remote.RemoteWebDriver.execute(RemoteWebDriver.java:626)
	at org.openqa.selenium.remote.RemoteWebDriver.getScreenshotAs(RemoteWebDriver.java:351)
	at com.amazon.step_definitions.Hooks.tearDown(Hooks.java:29)
&amp#27;[0m
]]></system-out>
  </testcase>
  <testcase name="Selecting the product correctly and seeing its definition #2" classname="Shopping from Amazon" time="0">
    <error message="no such window: target window already closed&#10;from unknown error: web view not found&#10;  (Session info: chrome=103.0.5060.114)&#10;Build info: version: &apos;4.1.4&apos;, revision: &apos;535d840ee2&apos;&#10;System info: host: &apos;00136C&apos;, ip: &apos;2607:9880:4130:5c:0:0:0:3a6c%en0&apos;, os.name: &apos;Mac OS X&apos;, os.arch: &apos;x86_64&apos;, os.version: &apos;10.16&apos;, java.version: &apos;15.0.1&apos;&#10;Driver info: org.openqa.selenium.chrome.ChromeDriver&#10;Command: [d846952a66cea7bcb16676bbebf2810f, screenshot {}]&#10;Capabilities {acceptInsecureCerts: false, browserName: chrome, browserVersion: 103.0.5060.114, chrome: {chromedriverVersion: 103.0.5060.53 (a1711811edd7..., userDataDir: /var/folders/8d/2k8k0_ns53q...}, goog:chromeOptions: {debuggerAddress: localhost:61976}, javascriptEnabled: true, networkConnectionEnabled: false, pageLoadStrategy: normal, platform: MAC, platformName: MAC, proxy: Proxy(), se:cdp: ws://localhost:61976/devtoo..., se:cdpVersion: 103.0.5060.114, setWindowRect: true, strictFileInteractability: false, timeouts: {implicit: 0, pageLoad: 300000, script: 30000}, unhandledPromptBehavior: dismiss and notify, webauthn:extension:credBlob: true, webauthn:extension:largeBlob: true, webauthn:virtualAuthenticators: true}&#10;Session ID: d846952a66cea7bcb16676bbebf2810f" type="org.openqa.selenium.NoSuchWindowException">org.openqa.selenium.NoSuchWindowException: 
no such window: target window already closed
from unknown error: web view not found
  (Session info: chrome=103.0.5060.114)
Build info: version: '4.1.4', revision: '535d840ee2'
System info: host: '00136C', ip: '2607:9880:4130:5c:0:0:0:3a6c%en0', os.name: 'Mac OS X', os.arch: 'x86_64', os.version: '10.16', java.version: '15.0.1'
Driver info: org.openqa.selenium.chrome.ChromeDriver
Command: [d846952a66cea7bcb16676bbebf2810f, screenshot {}]
Capabilities {acceptInsecureCerts: false, browserName: chrome, browserVersion: 103.0.5060.114, chrome: {chromedriverVersion: 103.0.5060.53 (a1711811edd7..., userDataDir: /var/folders/8d/2k8k0_ns53q...}, goog:chromeOptions: {debuggerAddress: localhost:61976}, javascriptEnabled: true, networkConnectionEnabled: false, pageLoadStrategy: normal, platform: MAC, platformName: MAC, proxy: Proxy(), se:cdp: ws://localhost:61976/devtoo..., se:cdpVersion: 103.0.5060.114, setWindowRect: true, strictFileInteractability: false, timeouts: {implicit: 0, pageLoad: 300000, script: 30000}, unhandledPromptBehavior: dismiss and notify, webauthn:extension:credBlob: true, webauthn:extension:largeBlob: true, webauthn:virtualAuthenticators: true}
Session ID: d846952a66cea7bcb16676bbebf2810f
</error>
  </testcase>
  <testcase name="Selecting the product correctly and seeing its definition #3" classname="Shopping from Amazon" time="13.882">
    <failure message="expected:&lt;[Amazon.ca: Televisions &amp; Video: Electronics: Accessories, Projectors, AV Receivers &amp; Amplifiers, Televisions &amp; More]&gt; but was:&lt;[]&gt;" type="org.junit.ComparisonFailure"><![CDATA[org.junit.ComparisonFailure: expected:<[Amazon.ca: Televisions & Video: Electronics: Accessories, Projectors, AV Receivers & Amplifiers, Televisions & More]> but was:<[]>
]]></failure>
    <system-out><![CDATA[Test failed
]]></system-out>
    <system-err><![CDATA[Starting ChromeDriver 103.0.5060.53 (a1711811edd74ff1cf2150f36ffa3b0dae40b17f-refs/branch-heads/5060@{#853}) on port 59856
Only local connections are allowed.
Please see https://chromedriver.chromium.org/security-considerations for suggestions on keeping ChromeDriver safe.
ChromeDriver was started successfully.
Jul 04, 2022 6:22:07 PM org.openqa.selenium.remote.ProtocolHandshake createSession
INFO: Detected dialect: W3C
Jul 04, 2022 6:22:07 PM org.openqa.selenium.devtools.CdpVersionFinder findNearestMatch
WARNING: Unable to find an exact match for CDP version 103, so returning the closest version found: 101
Jul 04, 2022 6:22:07 PM org.openqa.selenium.devtools.CdpVersionFinder findNearestMatch
INFO: Found CDP implementation for version 103 of 101
]]></system-err>
  </testcase>
  <testcase name="Selecting the product correctly and seeing its definition #3" classname="Shopping from Amazon" time="0.009">
    <error message="no such window: target window already closed&#10;from unknown error: web view not found&#10;  (Session info: chrome=103.0.5060.114)&#10;Build info: version: &apos;4.1.4&apos;, revision: &apos;535d840ee2&apos;&#10;System info: host: &apos;00136C&apos;, ip: &apos;2607:9880:4130:5c:0:0:0:3a6c%en0&apos;, os.name: &apos;Mac OS X&apos;, os.arch: &apos;x86_64&apos;, os.version: &apos;10.16&apos;, java.version: &apos;15.0.1&apos;&#10;Driver info: org.openqa.selenium.chrome.ChromeDriver&#10;Command: [d846952a66cea7bcb16676bbebf2810f, maximizeCurrentWindow {}]&#10;Capabilities {acceptInsecureCerts: false, browserName: chrome, browserVersion: 103.0.5060.114, chrome: {chromedriverVersion: 103.0.5060.53 (a1711811edd7..., userDataDir: /var/folders/8d/2k8k0_ns53q...}, goog:chromeOptions: {debuggerAddress: localhost:61976}, javascriptEnabled: true, networkConnectionEnabled: false, pageLoadStrategy: normal, platform: MAC, platformName: MAC, proxy: Proxy(), se:cdp: ws://localhost:61976/devtoo..., se:cdpVersion: 103.0.5060.114, setWindowRect: true, strictFileInteractability: false, timeouts: {implicit: 0, pageLoad: 300000, script: 30000}, unhandledPromptBehavior: dismiss and notify, webauthn:extension:credBlob: true, webauthn:extension:largeBlob: true, webauthn:virtualAuthenticators: true}&#10;Session ID: d846952a66cea7bcb16676bbebf2810f" type="org.openqa.selenium.NoSuchWindowException">org.openqa.selenium.NoSuchWindowException: 
no such window: target window already closed
from unknown error: web view not found
  (Session info: chrome=103.0.5060.114)
Build info: version: '4.1.4', revision: '535d840ee2'
System info: host: '00136C', ip: '2607:9880:4130:5c:0:0:0:3a6c%en0', os.name: 'Mac OS X', os.arch: 'x86_64', os.version: '10.16', java.version: '15.0.1'
Driver info: org.openqa.selenium.chrome.ChromeDriver
Command: [d846952a66cea7bcb16676bbebf2810f, maximizeCurrentWindow {}]
Capabilities {acceptInsecureCerts: false, browserName: chrome, browserVersion: 103.0.5060.114, chrome: {chromedriverVersion: 103.0.5060.53 (a1711811edd7..., userDataDir: /var/folders/8d/2k8k0_ns53q...}, goog:chromeOptions: {debuggerAddress: localhost:61976}, javascriptEnabled: true, networkConnectionEnabled: false, pageLoadStrategy: normal, platform: MAC, platformName: MAC, proxy: Proxy(), se:cdp: ws://localhost:61976/devtoo..., se:cdpVersion: 103.0.5060.114, setWindowRect: true, strictFileInteractability: false, timeouts: {implicit: 0, pageLoad: 300000, script: 30000}, unhandledPromptBehavior: dismiss and notify, webauthn:extension:credBlob: true, webauthn:extension:largeBlob: true, webauthn:virtualAuthenticators: true}
Session ID: d846952a66cea7bcb16676bbebf2810f
</error>
    <system-out><![CDATA[
@amazon
Scenario Outline: Selecting the product correctly and seeing its definition                                                                                                  &amp#27;[90m# src/test/resources/features/AmazonShopping.feature:20&amp#27;[0m
      &amp#27;[31morg.openqa.selenium.NoSuchWindowException: no such window: target window already closed
from unknown error: web view not found
  (Session info: chrome=103.0.5060.114)
Build info: version: '4.1.4', revision: '535d840ee2'
System info: host: '00136C', ip: '2607:9880:4130:5c:0:0:0:3a6c%en0', os.name: 'Mac OS X', os.arch: 'x86_64', os.version: '10.16', java.version: '15.0.1'
Driver info: org.openqa.selenium.chrome.ChromeDriver
Command: [d846952a66cea7bcb16676bbebf2810f, maximizeCurrentWindow {}]
Capabilities {acceptInsecureCerts: false, browserName: chrome, browserVersion: 103.0.5060.114, chrome: {chromedriverVersion: 103.0.5060.53 (a1711811edd7..., userDataDir: /var/folders/8d/2k8k0_ns53q...}, goog:chromeOptions: {debuggerAddress: localhost:61976}, javascriptEnabled: true, networkConnectionEnabled: false, pageLoadStrategy: normal, platform: MAC, platformName: MAC, proxy: Proxy(), se:cdp: ws://localhost:61976/devtoo..., se:cdpVersion: 103.0.5060.114, setWindowRect: true, strictFileInteractability: false, timeouts: {implicit: 0, pageLoad: 300000, script: 30000}, unhandledPromptBehavior: dismiss and notify, webauthn:extension:credBlob: true, webauthn:extension:largeBlob: true, webauthn:virtualAuthenticators: true}
Session ID: d846952a66cea7bcb16676bbebf2810f
	at jdk.internal.reflect.GeneratedConstructorAccessor13.newInstance(Unknown Source)
	at java.base/jdk.internal.reflect.DelegatingConstructorAccessorImpl.newInstance(DelegatingConstructorAccessorImpl.java:45)
	at java.base/java.lang.reflect.Constructor.newInstanceWithCaller(Constructor.java:500)
	at java.base/java.lang.reflect.Constructor.newInstance(Constructor.java:481)
	at org.openqa.selenium.remote.codec.w3c.W3CHttpResponseCodec.createException(W3CHttpResponseCodec.java:200)
	at org.openqa.selenium.remote.codec.w3c.W3CHttpResponseCodec.decode(W3CHttpResponseCodec.java:133)
	at org.openqa.selenium.remote.codec.w3c.W3CHttpResponseCodec.decode(W3CHttpResponseCodec.java:53)
	at org.openqa.selenium.remote.HttpCommandExecutor.execute(HttpCommandExecutor.java:184)
	at org.openqa.selenium.remote.service.DriverCommandExecutor.invokeExecute(DriverCommandExecutor.java:167)
	at org.openqa.selenium.remote.service.DriverCommandExecutor.execute(DriverCommandExecutor.java:142)
	at org.openqa.selenium.remote.RemoteWebDriver.execute(RemoteWebDriver.java:567)
	at org.openqa.selenium.remote.RemoteWebDriver.execute(RemoteWebDriver.java:622)
	at org.openqa.selenium.remote.RemoteWebDriver.execute(RemoteWebDriver.java:626)
	at org.openqa.selenium.remote.RemoteWebDriver$RemoteWebDriverOptions$RemoteWindow.maximize(RemoteWebDriver.java:993)
	at com.amazon.step_definitions.Hooks.setUp(Hooks.java:19)
&amp#27;[0m
  &amp#27;[36mGiven &amp#27;[0m&amp#27;[36mthe user is on the main page&amp#27;[0m                                                                                                                                         &amp#27;[90m# com.amazon.step_definitions.MainPageSteps.the_user_on_the_chart_page()&amp#27;[0m
  &amp#27;[36mWhen &amp#27;[0m&amp#27;[36mthe user clicks on burger menu for all products&amp#27;[0m                                                                                                                       &amp#27;[90m# com.amazon.step_definitions.MainPageSteps.the_user_clicks_to_burger_menu_for_all_products()&amp#27;[0m
  &amp#27;[36mThen &amp#27;[0m&amp#27;[36mthe user clicks &amp#27;[0m&amp#27;[36m&amp#27;[1m"Electronics, Computers & Office"&amp#27;[0m&amp#27;[36m on the main page&amp#27;[0m                                                                                                    &amp#27;[90m# com.amazon.step_definitions.MainPageSteps.the_user_clicks_products_on_the_main_page(java.lang.String)&amp#27;[0m
  &amp#27;[36mAnd &amp#27;[0m&amp#27;[36mthe user clicks the &amp#27;[0m&amp#27;[36m&amp#27;[1m"TV & Home Theatre"&amp#27;[0m&amp#27;[36m on the main page&amp#27;[0m                                                                                                               &amp#27;[90m# com.amazon.step_definitions.MainPageSteps.the_user_clicks_products(java.lang.String)&amp#27;[0m
  &amp#27;[36mAnd &amp#27;[0m&amp#27;[36mthe user is on the categorised product page with &amp#27;[0m&amp#27;[36m&amp#27;[1m"Amazon.ca: Televisions & Video: Electronics: Accessories, Projectors, AV Receivers & Amplifiers, Televisions & More"&amp#27;[0m &amp#27;[90m# com.amazon.step_definitions.CategorisedProductPageSteps.the_user_on_the_categorised_product_page_title(java.lang.String)&amp#27;[0m
  &amp#27;[36mAnd &amp#27;[0m&amp#27;[36mthe user clicks the &amp#27;[0m&amp#27;[36m&amp#27;[1m"Televisions"&amp#27;[0m&amp#27;[36m which is under the &amp#27;[0m&amp#27;[36m&amp#27;[1m"Electronics"&amp#27;[0m&amp#27;[36m on the categorised product page&amp#27;[0m                                                                     &amp#27;[90m# com.amazon.step_definitions.CategorisedProductPageSteps.the_user_clicks_the_product_is_under_the_common_on_categorised_the_product_page(java.lang.String,java.lang.String)&amp#27;[0m
  &amp#27;[36mThen &amp#27;[0m&amp#27;[36mthe user is on the product page with &amp#27;[0m&amp#27;[36m&amp#27;[1m"Amazon.ca: Televisions - Televisions & Video: Electronics"&amp#27;[0m                                                                      &amp#27;[90m# com.amazon.step_definitions.ProductPageSteps.the_user_on_the_product_page(java.lang.String)&amp#27;[0m
  &amp#27;[36mWhen &amp#27;[0m&amp#27;[36mthe user clicks on the &amp#27;[0m&amp#27;[36m&amp#27;[1m"LG"&amp#27;[0m                                                                                                                                           &amp#27;[90m# com.amazon.step_definitions.ProductPageSteps.the_user_clicks_on_the_particular_product(java.lang.String)&amp#27;[0m
  &amp#27;[36mAnd &amp#27;[0m&amp#27;[36mthe user selects price preference from &amp#27;[0m&amp#27;[36m&amp#27;[1m"Price: High to Low"&amp#27;[0m&amp#27;[36m on the result page&amp#27;[0m                                                                                         &amp#27;[90m# com.amazon.step_definitions.ResultsPageSteps.the_user_clicks_on_the_particular_product(java.lang.String)&amp#27;[0m
  &amp#27;[36mAnd &amp#27;[0m&amp#27;[36mthe user clicks the second highest priced product on the results page&amp#27;[0m                                                                                                  &amp#27;[90m# com.amazon.step_definitions.ResultsPageSteps.the_user_clicks_the_second_highest_priced_product_on_the_results_page()&amp#27;[0m
  &amp#27;[36mThen &amp#27;[0m&amp#27;[36mthe product description header is visible to the user&amp#27;[0m                                                                                                                 &amp#27;[90m# com.amazon.step_definitions.ProductDescriptionPageSteps.the_product_description_header_is_visible_to_the_user()&amp#27;[0m
Test failed
      &amp#27;[31morg.openqa.selenium.NoSuchWindowException: no such window: target window already closed
from unknown error: web view not found
  (Session info: chrome=103.0.5060.114)
Build info: version: '4.1.4', revision: '535d840ee2'
System info: host: '00136C', ip: '2607:9880:4130:5c:0:0:0:3a6c%en0', os.name: 'Mac OS X', os.arch: 'x86_64', os.version: '10.16', java.version: '15.0.1'
Driver info: org.openqa.selenium.chrome.ChromeDriver
Command: [d846952a66cea7bcb16676bbebf2810f, screenshot {}]
Capabilities {acceptInsecureCerts: false, browserName: chrome, browserVersion: 103.0.5060.114, chrome: {chromedriverVersion: 103.0.5060.53 (a1711811edd7..., userDataDir: /var/folders/8d/2k8k0_ns53q...}, goog:chromeOptions: {debuggerAddress: localhost:61976}, javascriptEnabled: true, networkConnectionEnabled: false, pageLoadStrategy: normal, platform: MAC, platformName: MAC, proxy: Proxy(), se:cdp: ws://localhost:61976/devtoo..., se:cdpVersion: 103.0.5060.114, setWindowRect: true, strictFileInteractability: false, timeouts: {implicit: 0, pageLoad: 300000, script: 30000}, unhandledPromptBehavior: dismiss and notify, webauthn:extension:credBlob: true, webauthn:extension:largeBlob: true, webauthn:virtualAuthenticators: true}
Session ID: d846952a66cea7bcb16676bbebf2810f
	at jdk.internal.reflect.GeneratedConstructorAccessor13.newInstance(Unknown Source)
	at java.base/jdk.internal.reflect.DelegatingConstructorAccessorImpl.newInstance(DelegatingConstructorAccessorImpl.java:45)
	at java.base/java.lang.reflect.Constructor.newInstanceWithCaller(Constructor.java:500)
	at java.base/java.lang.reflect.Constructor.newInstance(Constructor.java:481)
	at org.openqa.selenium.remote.codec.w3c.W3CHttpResponseCodec.createException(W3CHttpResponseCodec.java:200)
	at org.openqa.selenium.remote.codec.w3c.W3CHttpResponseCodec.decode(W3CHttpResponseCodec.java:133)
	at org.openqa.selenium.remote.codec.w3c.W3CHttpResponseCodec.decode(W3CHttpResponseCodec.java:53)
	at org.openqa.selenium.remote.HttpCommandExecutor.execute(HttpCommandExecutor.java:184)
	at org.openqa.selenium.remote.service.DriverCommandExecutor.invokeExecute(DriverCommandExecutor.java:167)
	at org.openqa.selenium.remote.service.DriverCommandExecutor.execute(DriverCommandExecutor.java:142)
	at org.openqa.selenium.remote.RemoteWebDriver.execute(RemoteWebDriver.java:567)
	at org.openqa.selenium.remote.RemoteWebDriver.execute(RemoteWebDriver.java:622)
	at org.openqa.selenium.remote.RemoteWebDriver.execute(RemoteWebDriver.java:626)
	at org.openqa.selenium.remote.RemoteWebDriver.getScreenshotAs(RemoteWebDriver.java:351)
	at com.amazon.step_definitions.Hooks.tearDown(Hooks.java:29)
&amp#27;[0m
]]></system-out>
  </testcase>
  <testcase name="Selecting the product correctly and seeing its definition #3" classname="Shopping from Amazon" time="0">
    <error message="no such window: target window already closed&#10;from unknown error: web view not found&#10;  (Session info: chrome=103.0.5060.114)&#10;Build info: version: &apos;4.1.4&apos;, revision: &apos;535d840ee2&apos;&#10;System info: host: &apos;00136C&apos;, ip: &apos;2607:9880:4130:5c:0:0:0:3a6c%en0&apos;, os.name: &apos;Mac OS X&apos;, os.arch: &apos;x86_64&apos;, os.version: &apos;10.16&apos;, java.version: &apos;15.0.1&apos;&#10;Driver info: org.openqa.selenium.chrome.ChromeDriver&#10;Command: [d846952a66cea7bcb16676bbebf2810f, screenshot {}]&#10;Capabilities {acceptInsecureCerts: false, browserName: chrome, browserVersion: 103.0.5060.114, chrome: {chromedriverVersion: 103.0.5060.53 (a1711811edd7..., userDataDir: /var/folders/8d/2k8k0_ns53q...}, goog:chromeOptions: {debuggerAddress: localhost:61976}, javascriptEnabled: true, networkConnectionEnabled: false, pageLoadStrategy: normal, platform: MAC, platformName: MAC, proxy: Proxy(), se:cdp: ws://localhost:61976/devtoo..., se:cdpVersion: 103.0.5060.114, setWindowRect: true, strictFileInteractability: false, timeouts: {implicit: 0, pageLoad: 300000, script: 30000}, unhandledPromptBehavior: dismiss and notify, webauthn:extension:credBlob: true, webauthn:extension:largeBlob: true, webauthn:virtualAuthenticators: true}&#10;Session ID: d846952a66cea7bcb16676bbebf2810f" type="org.openqa.selenium.NoSuchWindowException">org.openqa.selenium.NoSuchWindowException: 
no such window: target window already closed
from unknown error: web view not found
  (Session info: chrome=103.0.5060.114)
Build info: version: '4.1.4', revision: '535d840ee2'
System info: host: '00136C', ip: '2607:9880:4130:5c:0:0:0:3a6c%en0', os.name: 'Mac OS X', os.arch: 'x86_64', os.version: '10.16', java.version: '15.0.1'
Driver info: org.openqa.selenium.chrome.ChromeDriver
Command: [d846952a66cea7bcb16676bbebf2810f, screenshot {}]
Capabilities {acceptInsecureCerts: false, browserName: chrome, browserVersion: 103.0.5060.114, chrome: {chromedriverVersion: 103.0.5060.53 (a1711811edd7..., userDataDir: /var/folders/8d/2k8k0_ns53q...}, goog:chromeOptions: {debuggerAddress: localhost:61976}, javascriptEnabled: true, networkConnectionEnabled: false, pageLoadStrategy: normal, platform: MAC, platformName: MAC, proxy: Proxy(), se:cdp: ws://localhost:61976/devtoo..., se:cdpVersion: 103.0.5060.114, setWindowRect: true, strictFileInteractability: false, timeouts: {implicit: 0, pageLoad: 300000, script: 30000}, unhandledPromptBehavior: dismiss and notify, webauthn:extension:credBlob: true, webauthn:extension:largeBlob: true, webauthn:virtualAuthenticators: true}
Session ID: d846952a66cea7bcb16676bbebf2810f
</error>
  </testcase>
  <testcase name="Selecting the product correctly and seeing its definition #4" classname="Shopping from Amazon" time="52.226">
    <error message="Expected condition failed: waiting for element to be clickable: Proxy element for: DefaultElementLocator &apos;By.xpath: (//*[@class=&apos;a-section a-spacing-base&apos;])[2]//div&apos; (tried for 10 second(s) with 500 milliseconds interval)" type="org.openqa.selenium.TimeoutException">org.openqa.selenium.TimeoutException: Expected condition failed: waiting for element to be clickable: Proxy element for: DefaultElementLocator 'By.xpath: (//*[@class='a-section a-spacing-base'])[2]//div' (tried for 10 second(s) with 500 milliseconds interval)
Caused by: org.openqa.selenium.NoSuchElementException: 
no such element: Unable to locate element: {"method":"xpath","selector":"(//*[@class='a-section a-spacing-base'])[2]//div"}
  (Session info: chrome=103.0.5060.114)
For documentation on this error, please visit: https://selenium.dev/exceptions/#no_such_element
Build info: version: '4.1.4', revision: '535d840ee2'
System info: host: '00136C', ip: '2607:9880:4130:5c:0:0:0:3a6c%en0', os.name: 'Mac OS X', os.arch: 'x86_64', os.version: '10.16', java.version: '15.0.1'
Driver info: org.openqa.selenium.chrome.ChromeDriver
Command: [403bfb6c38605dc3d5d0cdaffbede5e4, findElement {using=xpath, value=(//*[@class='a-section a-spacing-base'])[2]//div}]
Capabilities {acceptInsecureCerts: false, browserName: chrome, browserVersion: 103.0.5060.114, chrome: {chromedriverVersion: 103.0.5060.53 (a1711811edd7..., userDataDir: /var/folders/8d/2k8k0_ns53q...}, goog:chromeOptions: {debuggerAddress: localhost:61203}, javascriptEnabled: true, networkConnectionEnabled: false, pageLoadStrategy: normal, platform: MAC, platformName: MAC, proxy: Proxy(), se:cdp: ws://localhost:61203/devtoo..., se:cdpVersion: 103.0.5060.114, setWindowRect: true, strictFileInteractability: false, timeouts: {implicit: 0, pageLoad: 300000, script: 30000}, unhandledPromptBehavior: dismiss and notify, webauthn:extension:credBlob: true, webauthn:extension:largeBlob: true, webauthn:virtualAuthenticators: true}
Session ID: 403bfb6c38605dc3d5d0cdaffbede5e4
</error>
    <system-out><![CDATA[Test failed
]]></system-out>
    <system-err><![CDATA[Starting ChromeDriver 103.0.5060.53 (a1711811edd74ff1cf2150f36ffa3b0dae40b17f-refs/branch-heads/5060@{#853}) on port 49299
Only local connections are allowed.
Please see https://chromedriver.chromium.org/security-considerations for suggestions on keeping ChromeDriver safe.
ChromeDriver was started successfully.
Jul 04, 2022 6:22:21 PM org.openqa.selenium.remote.ProtocolHandshake createSession
INFO: Detected dialect: W3C
Jul 04, 2022 6:22:21 PM org.openqa.selenium.devtools.CdpVersionFinder findNearestMatch
WARNING: Unable to find an exact match for CDP version 103, so returning the closest version found: 101
Jul 04, 2022 6:22:21 PM org.openqa.selenium.devtools.CdpVersionFinder findNearestMatch
INFO: Found CDP implementation for version 103 of 101
]]></system-err>
  </testcase>
  <testcase name="Selecting the product correctly and seeing its definition #4" classname="Shopping from Amazon" time="0.009">
    <error message="no such window: target window already closed&#10;from unknown error: web view not found&#10;  (Session info: chrome=103.0.5060.114)&#10;Build info: version: &apos;4.1.4&apos;, revision: &apos;535d840ee2&apos;&#10;System info: host: &apos;00136C&apos;, ip: &apos;2607:9880:4130:5c:0:0:0:3a6c%en0&apos;, os.name: &apos;Mac OS X&apos;, os.arch: &apos;x86_64&apos;, os.version: &apos;10.16&apos;, java.version: &apos;15.0.1&apos;&#10;Driver info: org.openqa.selenium.chrome.ChromeDriver&#10;Command: [d846952a66cea7bcb16676bbebf2810f, maximizeCurrentWindow {}]&#10;Capabilities {acceptInsecureCerts: false, browserName: chrome, browserVersion: 103.0.5060.114, chrome: {chromedriverVersion: 103.0.5060.53 (a1711811edd7..., userDataDir: /var/folders/8d/2k8k0_ns53q...}, goog:chromeOptions: {debuggerAddress: localhost:61976}, javascriptEnabled: true, networkConnectionEnabled: false, pageLoadStrategy: normal, platform: MAC, platformName: MAC, proxy: Proxy(), se:cdp: ws://localhost:61976/devtoo..., se:cdpVersion: 103.0.5060.114, setWindowRect: true, strictFileInteractability: false, timeouts: {implicit: 0, pageLoad: 300000, script: 30000}, unhandledPromptBehavior: dismiss and notify, webauthn:extension:credBlob: true, webauthn:extension:largeBlob: true, webauthn:virtualAuthenticators: true}&#10;Session ID: d846952a66cea7bcb16676bbebf2810f" type="org.openqa.selenium.NoSuchWindowException">org.openqa.selenium.NoSuchWindowException: 
no such window: target window already closed
from unknown error: web view not found
  (Session info: chrome=103.0.5060.114)
Build info: version: '4.1.4', revision: '535d840ee2'
System info: host: '00136C', ip: '2607:9880:4130:5c:0:0:0:3a6c%en0', os.name: 'Mac OS X', os.arch: 'x86_64', os.version: '10.16', java.version: '15.0.1'
Driver info: org.openqa.selenium.chrome.ChromeDriver
Command: [d846952a66cea7bcb16676bbebf2810f, maximizeCurrentWindow {}]
Capabilities {acceptInsecureCerts: false, browserName: chrome, browserVersion: 103.0.5060.114, chrome: {chromedriverVersion: 103.0.5060.53 (a1711811edd7..., userDataDir: /var/folders/8d/2k8k0_ns53q...}, goog:chromeOptions: {debuggerAddress: localhost:61976}, javascriptEnabled: true, networkConnectionEnabled: false, pageLoadStrategy: normal, platform: MAC, platformName: MAC, proxy: Proxy(), se:cdp: ws://localhost:61976/devtoo..., se:cdpVersion: 103.0.5060.114, setWindowRect: true, strictFileInteractability: false, timeouts: {implicit: 0, pageLoad: 300000, script: 30000}, unhandledPromptBehavior: dismiss and notify, webauthn:extension:credBlob: true, webauthn:extension:largeBlob: true, webauthn:virtualAuthenticators: true}
Session ID: d846952a66cea7bcb16676bbebf2810f
</error>
    <system-out><![CDATA[
@amazon
Scenario Outline: Selecting the product correctly and seeing its definition                                                                              &amp#27;[90m# src/test/resources/features/AmazonShopping.feature:21&amp#27;[0m
      &amp#27;[31morg.openqa.selenium.NoSuchWindowException: no such window: target window already closed
from unknown error: web view not found
  (Session info: chrome=103.0.5060.114)
Build info: version: '4.1.4', revision: '535d840ee2'
System info: host: '00136C', ip: '2607:9880:4130:5c:0:0:0:3a6c%en0', os.name: 'Mac OS X', os.arch: 'x86_64', os.version: '10.16', java.version: '15.0.1'
Driver info: org.openqa.selenium.chrome.ChromeDriver
Command: [d846952a66cea7bcb16676bbebf2810f, maximizeCurrentWindow {}]
Capabilities {acceptInsecureCerts: false, browserName: chrome, browserVersion: 103.0.5060.114, chrome: {chromedriverVersion: 103.0.5060.53 (a1711811edd7..., userDataDir: /var/folders/8d/2k8k0_ns53q...}, goog:chromeOptions: {debuggerAddress: localhost:61976}, javascriptEnabled: true, networkConnectionEnabled: false, pageLoadStrategy: normal, platform: MAC, platformName: MAC, proxy: Proxy(), se:cdp: ws://localhost:61976/devtoo..., se:cdpVersion: 103.0.5060.114, setWindowRect: true, strictFileInteractability: false, timeouts: {implicit: 0, pageLoad: 300000, script: 30000}, unhandledPromptBehavior: dismiss and notify, webauthn:extension:credBlob: true, webauthn:extension:largeBlob: true, webauthn:virtualAuthenticators: true}
Session ID: d846952a66cea7bcb16676bbebf2810f
	at jdk.internal.reflect.GeneratedConstructorAccessor13.newInstance(Unknown Source)
	at java.base/jdk.internal.reflect.DelegatingConstructorAccessorImpl.newInstance(DelegatingConstructorAccessorImpl.java:45)
	at java.base/java.lang.reflect.Constructor.newInstanceWithCaller(Constructor.java:500)
	at java.base/java.lang.reflect.Constructor.newInstance(Constructor.java:481)
	at org.openqa.selenium.remote.codec.w3c.W3CHttpResponseCodec.createException(W3CHttpResponseCodec.java:200)
	at org.openqa.selenium.remote.codec.w3c.W3CHttpResponseCodec.decode(W3CHttpResponseCodec.java:133)
	at org.openqa.selenium.remote.codec.w3c.W3CHttpResponseCodec.decode(W3CHttpResponseCodec.java:53)
	at org.openqa.selenium.remote.HttpCommandExecutor.execute(HttpCommandExecutor.java:184)
	at org.openqa.selenium.remote.service.DriverCommandExecutor.invokeExecute(DriverCommandExecutor.java:167)
	at org.openqa.selenium.remote.service.DriverCommandExecutor.execute(DriverCommandExecutor.java:142)
	at org.openqa.selenium.remote.RemoteWebDriver.execute(RemoteWebDriver.java:567)
	at org.openqa.selenium.remote.RemoteWebDriver.execute(RemoteWebDriver.java:622)
	at org.openqa.selenium.remote.RemoteWebDriver.execute(RemoteWebDriver.java:626)
	at org.openqa.selenium.remote.RemoteWebDriver$RemoteWebDriverOptions$RemoteWindow.maximize(RemoteWebDriver.java:993)
	at com.amazon.step_definitions.Hooks.setUp(Hooks.java:19)
&amp#27;[0m
  &amp#27;[36mGiven &amp#27;[0m&amp#27;[36mthe user is on the main page&amp#27;[0m                                                                                                                     &amp#27;[90m# com.amazon.step_definitions.MainPageSteps.the_user_on_the_chart_page()&amp#27;[0m
  &amp#27;[36mWhen &amp#27;[0m&amp#27;[36mthe user clicks on burger menu for all products&amp#27;[0m                                                                                                   &amp#27;[90m# com.amazon.step_definitions.MainPageSteps.the_user_clicks_to_burger_menu_for_all_products()&amp#27;[0m
  &amp#27;[36mThen &amp#27;[0m&amp#27;[36mthe user clicks &amp#27;[0m&amp#27;[36m&amp#27;[1m"Electronics, Computers & Office"&amp#27;[0m&amp#27;[36m on the main page&amp#27;[0m                                                                                &amp#27;[90m# com.amazon.step_definitions.MainPageSteps.the_user_clicks_products_on_the_main_page(java.lang.String)&amp#27;[0m
  &amp#27;[36mAnd &amp#27;[0m&amp#27;[36mthe user clicks the &amp#27;[0m&amp#27;[36m&amp#27;[1m"Headphones & Speakers"&amp#27;[0m&amp#27;[36m on the main page&amp#27;[0m                                                                                       &amp#27;[90m# com.amazon.step_definitions.MainPageSteps.the_user_clicks_products(java.lang.String)&amp#27;[0m
  &amp#27;[36mAnd &amp#27;[0m&amp#27;[36mthe user is on the categorised product page with &amp#27;[0m&amp#27;[36m&amp#27;[1m"Amazon.ca: Home & Portable Audio: Electronics"&amp#27;[0m                                                   &amp#27;[90m# com.amazon.step_definitions.CategorisedProductPageSteps.the_user_on_the_categorised_product_page_title(java.lang.String)&amp#27;[0m
  &amp#27;[36mAnd &amp#27;[0m&amp#27;[36mthe user clicks the &amp#27;[0m&amp#27;[36m&amp#27;[1m"Audio & Home Theatre"&amp#27;[0m&amp#27;[36m which is under the &amp#27;[0m&amp#27;[36m&amp#27;[1m"Electronics"&amp#27;[0m&amp#27;[36m on the categorised product page&amp#27;[0m                                        &amp#27;[90m# com.amazon.step_definitions.CategorisedProductPageSteps.the_user_clicks_the_product_is_under_the_common_on_categorised_the_product_page(java.lang.String,java.lang.String)&amp#27;[0m
  &amp#27;[36mThen &amp#27;[0m&amp#27;[36mthe user is on the product page with &amp#27;[0m&amp#27;[36m&amp#27;[1m"Amazon.ca: Home Audio: Electronics: Accessories, Radios & Boomboxes, Home Theatre Systems, Speakers & More"&amp#27;[0m &amp#27;[90m# com.amazon.step_definitions.ProductPageSteps.the_user_on_the_product_page(java.lang.String)&amp#27;[0m
  &amp#27;[36mWhen &amp#27;[0m&amp#27;[36mthe user clicks on the &amp#27;[0m&amp#27;[36m&amp#27;[1m"iSkey"&amp#27;[0m                                                                                                                    &amp#27;[90m# com.amazon.step_definitions.ProductPageSteps.the_user_clicks_on_the_particular_product(java.lang.String)&amp#27;[0m
  &amp#27;[36mAnd &amp#27;[0m&amp#27;[36mthe user selects price preference from &amp#27;[0m&amp#27;[36m&amp#27;[1m"Price: High to Low"&amp#27;[0m&amp#27;[36m on the result page&amp#27;[0m                                                                     &amp#27;[90m# com.amazon.step_definitions.ResultsPageSteps.the_user_clicks_on_the_particular_product(java.lang.String)&amp#27;[0m
  &amp#27;[36mAnd &amp#27;[0m&amp#27;[36mthe user clicks the second highest priced product on the results page&amp#27;[0m                                                                              &amp#27;[90m# com.amazon.step_definitions.ResultsPageSteps.the_user_clicks_the_second_highest_priced_product_on_the_results_page()&amp#27;[0m
  &amp#27;[36mThen &amp#27;[0m&amp#27;[36mthe product description header is visible to the user&amp#27;[0m                                                                                             &amp#27;[90m# com.amazon.step_definitions.ProductDescriptionPageSteps.the_product_description_header_is_visible_to_the_user()&amp#27;[0m
Test failed
      &amp#27;[31morg.openqa.selenium.NoSuchWindowException: no such window: target window already closed
from unknown error: web view not found
  (Session info: chrome=103.0.5060.114)
Build info: version: '4.1.4', revision: '535d840ee2'
System info: host: '00136C', ip: '2607:9880:4130:5c:0:0:0:3a6c%en0', os.name: 'Mac OS X', os.arch: 'x86_64', os.version: '10.16', java.version: '15.0.1'
Driver info: org.openqa.selenium.chrome.ChromeDriver
Command: [d846952a66cea7bcb16676bbebf2810f, screenshot {}]
Capabilities {acceptInsecureCerts: false, browserName: chrome, browserVersion: 103.0.5060.114, chrome: {chromedriverVersion: 103.0.5060.53 (a1711811edd7..., userDataDir: /var/folders/8d/2k8k0_ns53q...}, goog:chromeOptions: {debuggerAddress: localhost:61976}, javascriptEnabled: true, networkConnectionEnabled: false, pageLoadStrategy: normal, platform: MAC, platformName: MAC, proxy: Proxy(), se:cdp: ws://localhost:61976/devtoo..., se:cdpVersion: 103.0.5060.114, setWindowRect: true, strictFileInteractability: false, timeouts: {implicit: 0, pageLoad: 300000, script: 30000}, unhandledPromptBehavior: dismiss and notify, webauthn:extension:credBlob: true, webauthn:extension:largeBlob: true, webauthn:virtualAuthenticators: true}
Session ID: d846952a66cea7bcb16676bbebf2810f
	at jdk.internal.reflect.GeneratedConstructorAccessor13.newInstance(Unknown Source)
	at java.base/jdk.internal.reflect.DelegatingConstructorAccessorImpl.newInstance(DelegatingConstructorAccessorImpl.java:45)
	at java.base/java.lang.reflect.Constructor.newInstanceWithCaller(Constructor.java:500)
	at java.base/java.lang.reflect.Constructor.newInstance(Constructor.java:481)
	at org.openqa.selenium.remote.codec.w3c.W3CHttpResponseCodec.createException(W3CHttpResponseCodec.java:200)
	at org.openqa.selenium.remote.codec.w3c.W3CHttpResponseCodec.decode(W3CHttpResponseCodec.java:133)
	at org.openqa.selenium.remote.codec.w3c.W3CHttpResponseCodec.decode(W3CHttpResponseCodec.java:53)
	at org.openqa.selenium.remote.HttpCommandExecutor.execute(HttpCommandExecutor.java:184)
	at org.openqa.selenium.remote.service.DriverCommandExecutor.invokeExecute(DriverCommandExecutor.java:167)
	at org.openqa.selenium.remote.service.DriverCommandExecutor.execute(DriverCommandExecutor.java:142)
	at org.openqa.selenium.remote.RemoteWebDriver.execute(RemoteWebDriver.java:567)
	at org.openqa.selenium.remote.RemoteWebDriver.execute(RemoteWebDriver.java:622)
	at org.openqa.selenium.remote.RemoteWebDriver.execute(RemoteWebDriver.java:626)
	at org.openqa.selenium.remote.RemoteWebDriver.getScreenshotAs(RemoteWebDriver.java:351)
	at com.amazon.step_definitions.Hooks.tearDown(Hooks.java:29)
&amp#27;[0m
]]></system-out>
  </testcase>
  <testcase name="Selecting the product correctly and seeing its definition #4" classname="Shopping from Amazon" time="0">
    <error message="no such window: target window already closed&#10;from unknown error: web view not found&#10;  (Session info: chrome=103.0.5060.114)&#10;Build info: version: &apos;4.1.4&apos;, revision: &apos;535d840ee2&apos;&#10;System info: host: &apos;00136C&apos;, ip: &apos;2607:9880:4130:5c:0:0:0:3a6c%en0&apos;, os.name: &apos;Mac OS X&apos;, os.arch: &apos;x86_64&apos;, os.version: &apos;10.16&apos;, java.version: &apos;15.0.1&apos;&#10;Driver info: org.openqa.selenium.chrome.ChromeDriver&#10;Command: [d846952a66cea7bcb16676bbebf2810f, screenshot {}]&#10;Capabilities {acceptInsecureCerts: false, browserName: chrome, browserVersion: 103.0.5060.114, chrome: {chromedriverVersion: 103.0.5060.53 (a1711811edd7..., userDataDir: /var/folders/8d/2k8k0_ns53q...}, goog:chromeOptions: {debuggerAddress: localhost:61976}, javascriptEnabled: true, networkConnectionEnabled: false, pageLoadStrategy: normal, platform: MAC, platformName: MAC, proxy: Proxy(), se:cdp: ws://localhost:61976/devtoo..., se:cdpVersion: 103.0.5060.114, setWindowRect: true, strictFileInteractability: false, timeouts: {implicit: 0, pageLoad: 300000, script: 30000}, unhandledPromptBehavior: dismiss and notify, webauthn:extension:credBlob: true, webauthn:extension:largeBlob: true, webauthn:virtualAuthenticators: true}&#10;Session ID: d846952a66cea7bcb16676bbebf2810f" type="org.openqa.selenium.NoSuchWindowException">org.openqa.selenium.NoSuchWindowException: 
no such window: target window already closed
from unknown error: web view not found
  (Session info: chrome=103.0.5060.114)
Build info: version: '4.1.4', revision: '535d840ee2'
System info: host: '00136C', ip: '2607:9880:4130:5c:0:0:0:3a6c%en0', os.name: 'Mac OS X', os.arch: 'x86_64', os.version: '10.16', java.version: '15.0.1'
Driver info: org.openqa.selenium.chrome.ChromeDriver
Command: [d846952a66cea7bcb16676bbebf2810f, screenshot {}]
Capabilities {acceptInsecureCerts: false, browserName: chrome, browserVersion: 103.0.5060.114, chrome: {chromedriverVersion: 103.0.5060.53 (a1711811edd7..., userDataDir: /var/folders/8d/2k8k0_ns53q...}, goog:chromeOptions: {debuggerAddress: localhost:61976}, javascriptEnabled: true, networkConnectionEnabled: false, pageLoadStrategy: normal, platform: MAC, platformName: MAC, proxy: Proxy(), se:cdp: ws://localhost:61976/devtoo..., se:cdpVersion: 103.0.5060.114, setWindowRect: true, strictFileInteractability: false, timeouts: {implicit: 0, pageLoad: 300000, script: 30000}, unhandledPromptBehavior: dismiss and notify, webauthn:extension:credBlob: true, webauthn:extension:largeBlob: true, webauthn:virtualAuthenticators: true}
Session ID: d846952a66cea7bcb16676bbebf2810f
</error>
  </testcase>
  <testcase name="Selecting the product correctly and seeing its definition #5" classname="Shopping from Amazon" time="24.347">
    <error message="Expected condition failed: waiting for element to be clickable: Proxy element for: DefaultElementLocator &apos;By.id: nav-hamburger-menu&apos; (tried for 10 second(s) with 500 milliseconds interval)" type="org.openqa.selenium.TimeoutException">org.openqa.selenium.TimeoutException: Expected condition failed: waiting for element to be clickable: Proxy element for: DefaultElementLocator 'By.id: nav-hamburger-menu' (tried for 10 second(s) with 500 milliseconds interval)
Caused by: org.openqa.selenium.NoSuchElementException: 
no such element: Unable to locate element: {"method":"css selector","selector":"#nav\-hamburger\-menu"}
  (Session info: chrome=103.0.5060.114)
For documentation on this error, please visit: https://selenium.dev/exceptions/#no_such_element
Build info: version: '4.1.4', revision: '535d840ee2'
System info: host: '00136C', ip: '2607:9880:4130:5c:0:0:0:3a6c%en0', os.name: 'Mac OS X', os.arch: 'x86_64', os.version: '10.16', java.version: '15.0.1'
Driver info: org.openqa.selenium.chrome.ChromeDriver
Command: [ba5e640cf82575a3bf69431b2fc7bec5, findElement {using=id, value=nav-hamburger-menu}]
Capabilities {acceptInsecureCerts: false, browserName: chrome, browserVersion: 103.0.5060.114, chrome: {chromedriverVersion: 103.0.5060.53 (a1711811edd7..., userDataDir: /var/folders/8d/2k8k0_ns53q...}, goog:chromeOptions: {debuggerAddress: localhost:61573}, javascriptEnabled: true, networkConnectionEnabled: false, pageLoadStrategy: normal, platform: MAC, platformName: MAC, proxy: Proxy(), se:cdp: ws://localhost:61573/devtoo..., se:cdpVersion: 103.0.5060.114, setWindowRect: true, strictFileInteractability: false, timeouts: {implicit: 0, pageLoad: 300000, script: 30000}, unhandledPromptBehavior: dismiss and notify, webauthn:extension:credBlob: true, webauthn:extension:largeBlob: true, webauthn:virtualAuthenticators: true}
Session ID: ba5e640cf82575a3bf69431b2fc7bec5
</error>
    <system-out><![CDATA[Test failed
]]></system-out>
    <system-err><![CDATA[Starting ChromeDriver 103.0.5060.53 (a1711811edd74ff1cf2150f36ffa3b0dae40b17f-refs/branch-heads/5060@{#853}) on port 63796
Only local connections are allowed.
Please see https://chromedriver.chromium.org/security-considerations for suggestions on keeping ChromeDriver safe.
ChromeDriver was started successfully.
Jul 04, 2022 6:23:13 PM org.openqa.selenium.remote.ProtocolHandshake createSession
INFO: Detected dialect: W3C
Jul 04, 2022 6:23:13 PM org.openqa.selenium.devtools.CdpVersionFinder findNearestMatch
WARNING: Unable to find an exact match for CDP version 103, so returning the closest version found: 101
Jul 04, 2022 6:23:13 PM org.openqa.selenium.devtools.CdpVersionFinder findNearestMatch
INFO: Found CDP implementation for version 103 of 101
]]></system-err>
  </testcase>
  <testcase name="Selecting the product correctly and seeing its definition #5" classname="Shopping from Amazon" time="0.009">
    <error message="no such window: target window already closed&#10;from unknown error: web view not found&#10;  (Session info: chrome=103.0.5060.114)&#10;Build info: version: &apos;4.1.4&apos;, revision: &apos;535d840ee2&apos;&#10;System info: host: &apos;00136C&apos;, ip: &apos;2607:9880:4130:5c:0:0:0:3a6c%en0&apos;, os.name: &apos;Mac OS X&apos;, os.arch: &apos;x86_64&apos;, os.version: &apos;10.16&apos;, java.version: &apos;15.0.1&apos;&#10;Driver info: org.openqa.selenium.chrome.ChromeDriver&#10;Command: [d846952a66cea7bcb16676bbebf2810f, maximizeCurrentWindow {}]&#10;Capabilities {acceptInsecureCerts: false, browserName: chrome, browserVersion: 103.0.5060.114, chrome: {chromedriverVersion: 103.0.5060.53 (a1711811edd7..., userDataDir: /var/folders/8d/2k8k0_ns53q...}, goog:chromeOptions: {debuggerAddress: localhost:61976}, javascriptEnabled: true, networkConnectionEnabled: false, pageLoadStrategy: normal, platform: MAC, platformName: MAC, proxy: Proxy(), se:cdp: ws://localhost:61976/devtoo..., se:cdpVersion: 103.0.5060.114, setWindowRect: true, strictFileInteractability: false, timeouts: {implicit: 0, pageLoad: 300000, script: 30000}, unhandledPromptBehavior: dismiss and notify, webauthn:extension:credBlob: true, webauthn:extension:largeBlob: true, webauthn:virtualAuthenticators: true}&#10;Session ID: d846952a66cea7bcb16676bbebf2810f" type="org.openqa.selenium.NoSuchWindowException">org.openqa.selenium.NoSuchWindowException: 
no such window: target window already closed
from unknown error: web view not found
  (Session info: chrome=103.0.5060.114)
Build info: version: '4.1.4', revision: '535d840ee2'
System info: host: '00136C', ip: '2607:9880:4130:5c:0:0:0:3a6c%en0', os.name: 'Mac OS X', os.arch: 'x86_64', os.version: '10.16', java.version: '15.0.1'
Driver info: org.openqa.selenium.chrome.ChromeDriver
Command: [d846952a66cea7bcb16676bbebf2810f, maximizeCurrentWindow {}]
Capabilities {acceptInsecureCerts: false, browserName: chrome, browserVersion: 103.0.5060.114, chrome: {chromedriverVersion: 103.0.5060.53 (a1711811edd7..., userDataDir: /var/folders/8d/2k8k0_ns53q...}, goog:chromeOptions: {debuggerAddress: localhost:61976}, javascriptEnabled: true, networkConnectionEnabled: false, pageLoadStrategy: normal, platform: MAC, platformName: MAC, proxy: Proxy(), se:cdp: ws://localhost:61976/devtoo..., se:cdpVersion: 103.0.5060.114, setWindowRect: true, strictFileInteractability: false, timeouts: {implicit: 0, pageLoad: 300000, script: 30000}, unhandledPromptBehavior: dismiss and notify, webauthn:extension:credBlob: true, webauthn:extension:largeBlob: true, webauthn:virtualAuthenticators: true}
Session ID: d846952a66cea7bcb16676bbebf2810f
</error>
    <system-out><![CDATA[
@amazon
Scenario Outline: Selecting the product correctly and seeing its definition                                                                                             &amp#27;[90m# src/test/resources/features/AmazonShopping.feature:22&amp#27;[0m
      &amp#27;[31morg.openqa.selenium.NoSuchWindowException: no such window: target window already closed
from unknown error: web view not found
  (Session info: chrome=103.0.5060.114)
Build info: version: '4.1.4', revision: '535d840ee2'
System info: host: '00136C', ip: '2607:9880:4130:5c:0:0:0:3a6c%en0', os.name: 'Mac OS X', os.arch: 'x86_64', os.version: '10.16', java.version: '15.0.1'
Driver info: org.openqa.selenium.chrome.ChromeDriver
Command: [d846952a66cea7bcb16676bbebf2810f, maximizeCurrentWindow {}]
Capabilities {acceptInsecureCerts: false, browserName: chrome, browserVersion: 103.0.5060.114, chrome: {chromedriverVersion: 103.0.5060.53 (a1711811edd7..., userDataDir: /var/folders/8d/2k8k0_ns53q...}, goog:chromeOptions: {debuggerAddress: localhost:61976}, javascriptEnabled: true, networkConnectionEnabled: false, pageLoadStrategy: normal, platform: MAC, platformName: MAC, proxy: Proxy(), se:cdp: ws://localhost:61976/devtoo..., se:cdpVersion: 103.0.5060.114, setWindowRect: true, strictFileInteractability: false, timeouts: {implicit: 0, pageLoad: 300000, script: 30000}, unhandledPromptBehavior: dismiss and notify, webauthn:extension:credBlob: true, webauthn:extension:largeBlob: true, webauthn:virtualAuthenticators: true}
Session ID: d846952a66cea7bcb16676bbebf2810f
	at jdk.internal.reflect.GeneratedConstructorAccessor13.newInstance(Unknown Source)
	at java.base/jdk.internal.reflect.DelegatingConstructorAccessorImpl.newInstance(DelegatingConstructorAccessorImpl.java:45)
	at java.base/java.lang.reflect.Constructor.newInstanceWithCaller(Constructor.java:500)
	at java.base/java.lang.reflect.Constructor.newInstance(Constructor.java:481)
	at org.openqa.selenium.remote.codec.w3c.W3CHttpResponseCodec.createException(W3CHttpResponseCodec.java:200)
	at org.openqa.selenium.remote.codec.w3c.W3CHttpResponseCodec.decode(W3CHttpResponseCodec.java:133)
	at org.openqa.selenium.remote.codec.w3c.W3CHttpResponseCodec.decode(W3CHttpResponseCodec.java:53)
	at org.openqa.selenium.remote.HttpCommandExecutor.execute(HttpCommandExecutor.java:184)
	at org.openqa.selenium.remote.service.DriverCommandExecutor.invokeExecute(DriverCommandExecutor.java:167)
	at org.openqa.selenium.remote.service.DriverCommandExecutor.execute(DriverCommandExecutor.java:142)
	at org.openqa.selenium.remote.RemoteWebDriver.execute(RemoteWebDriver.java:567)
	at org.openqa.selenium.remote.RemoteWebDriver.execute(RemoteWebDriver.java:622)
	at org.openqa.selenium.remote.RemoteWebDriver.execute(RemoteWebDriver.java:626)
	at org.openqa.selenium.remote.RemoteWebDriver$RemoteWebDriverOptions$RemoteWindow.maximize(RemoteWebDriver.java:993)
	at com.amazon.step_definitions.Hooks.setUp(Hooks.java:19)
&amp#27;[0m
  &amp#27;[36mGiven &amp#27;[0m&amp#27;[36mthe user is on the main page&amp#27;[0m                                                                                                                                    &amp#27;[90m# com.amazon.step_definitions.MainPageSteps.the_user_on_the_chart_page()&amp#27;[0m
  &amp#27;[36mWhen &amp#27;[0m&amp#27;[36mthe user clicks on burger menu for all products&amp#27;[0m                                                                                                                  &amp#27;[90m# com.amazon.step_definitions.MainPageSteps.the_user_clicks_to_burger_menu_for_all_products()&amp#27;[0m
  &amp#27;[36mThen &amp#27;[0m&amp#27;[36mthe user clicks &amp#27;[0m&amp#27;[36m&amp#27;[1m"Electronics, Computers & Office"&amp#27;[0m&amp#27;[36m on the main page&amp#27;[0m                                                                                               &amp#27;[90m# com.amazon.step_definitions.MainPageSteps.the_user_clicks_products_on_the_main_page(java.lang.String)&amp#27;[0m
  &amp#27;[36mAnd &amp#27;[0m&amp#27;[36mthe user clicks the &amp#27;[0m&amp#27;[36m&amp#27;[1m"Car Electronics"&amp#27;[0m&amp#27;[36m on the main page&amp#27;[0m                                                                                                            &amp#27;[90m# com.amazon.step_definitions.MainPageSteps.the_user_clicks_products(java.lang.String)&amp#27;[0m
  &amp#27;[36mAnd &amp#27;[0m&amp#27;[36mthe user is on the categorised product page with &amp#27;[0m&amp#27;[36m&amp#27;[1m"Amazon.ca: Car & Vehicle Electronics: Electronics: Accessories, Car Electronics, Motorcycle Electronics & More"&amp#27;[0m &amp#27;[90m# com.amazon.step_definitions.CategorisedProductPageSteps.the_user_on_the_categorised_product_page_title(java.lang.String)&amp#27;[0m
[...]
Session ID: d846952a66cea7bcb16676bbebf2810f
	at jdk.internal.reflect.GeneratedConstructorAccessor13.newInstance(Unknown Source)
	at java.base/jdk.internal.reflect.DelegatingConstructorAccessorImpl.newInstance(DelegatingConstructorAccessorImpl.java:45)
	at java.base/java.lang.reflect.Constructor.newInstanceWithCaller(Constructor.java:500)
	at java.base/java.lang.reflect.Constructor.newInstance(Constructor.java:481)
	at org.openqa.selenium.remote.codec.w3c.W3CHttpResponseCodec.createException(W3CHttpResponseCodec.java:200)
	at org.openqa.selenium.remote.codec.w3c.W3CHttpResponseCodec.decode(W3CHttpResponseCodec.java:133)
	at org.openqa.selenium.remote.codec.w3c.W3CHttpResponseCodec.decode(W3CHttpResponseCodec.java:53)
	at org.openqa.selenium.remote.HttpCommandExecutor.execute(HttpCommandExecutor.java:184)
	at org.openqa.selenium.remote.service.DriverCommandExecutor.invokeExecute(DriverCommandExecutor.java:167)
	at org.openqa.selenium.remote.service.DriverCommandExecutor.execute(DriverCommandExecutor.java:142)
	at org.openqa.selenium.remote.RemoteWebDriver.execute(RemoteWebDriver.java:567)
	at org.openqa.selenium.remote.RemoteWebDriver.execute(RemoteWebDriver.java:622)
	at org.openqa.selenium.remote.RemoteWebDriver.execute(RemoteWebDriver.java:626)
	at org.openqa.selenium.remote.RemoteWebDriver.getScreenshotAs(RemoteWebDriver.java:351)
	at com.amazon.step_definitions.Hooks.tearDown(Hooks.java:29)
&amp#27;[0m
]]></system-out>
  </testcase>
  <testcase name="Selecting the product correctly and seeing its definition #5" classname="Shopping from Amazon" time="0">
    <error message="no such window: target window already closed&#10;from unknown error: web view not found&#10;  (Session info: chrome=103.0.5060.114)&#10;Build info: version: &apos;4.1.4&apos;, revision: &apos;535d840ee2&apos;&#10;System info: host: &apos;00136C&apos;, ip: &apos;2607:9880:4130:5c:0:0:0:3a6c%en0&apos;, os.name: &apos;Mac OS X&apos;, os.arch: &apos;x86_64&apos;, os.version: &apos;10.16&apos;, java.version: &apos;15.0.1&apos;&#10;Driver info: org.openqa.selenium.chrome.ChromeDriver&#10;Command: [d846952a66cea7bcb16676bbebf2810f, screenshot {}]&#10;Capabilities {acceptInsecureCerts: false, browserName: chrome, browserVersion: 103.0.5060.114, chrome: {chromedriverVersion: 103.0.5060.53 (a1711811edd7..., userDataDir: /var/folders/8d/2k8k0_ns53q...}, goog:chromeOptions: {debuggerAddress: localhost:61976}, javascriptEnabled: true, networkConnectionEnabled: false, pageLoadStrategy: normal, platform: MAC, platformName: MAC, proxy: Proxy(), se:cdp: ws://localhost:61976/devtoo..., se:cdpVersion: 103.0.5060.114, setWindowRect: true, strictFileInteractability: false, timeouts: {implicit: 0, pageLoad: 300000, script: 30000}, unhandledPromptBehavior: dismiss and notify, webauthn:extension:credBlob: true, webauthn:extension:largeBlob: true, webauthn:virtualAuthenticators: true}&#10;Session ID: d846952a66cea7bcb16676bbebf2810f" type="org.openqa.selenium.NoSuchWindowException">org.openqa.selenium.NoSuchWindowException: 
no such window: target window already closed
from unknown error: web view not found
  (Session info: chrome=103.0.5060.114)
Build info: version: '4.1.4', revision: '535d840ee2'
System info: host: '00136C', ip: '2607:9880:4130:5c:0:0:0:3a6c%en0', os.name: 'Mac OS X', os.arch: 'x86_64', os.version: '10.16', java.version: '15.0.1'
Driver info: org.openqa.selenium.chrome.ChromeDriver
Command: [d846952a66cea7bcb16676bbebf2810f, screenshot {}]
Capabilities {acceptInsecureCerts: false, browserName: chrome, browserVersion: 103.0.5060.114, chrome: {chromedriverVersion: 103.0.5060.53 (a1711811edd7..., userDataDir: /var/folders/8d/2k8k0_ns53q...}, goog:chromeOptions: {debuggerAddress: localhost:61976}, javascriptEnabled: true, networkConnectionEnabled: false, pageLoadStrategy: normal, platform: MAC, platformName: MAC, proxy: Proxy(), se:cdp: ws://localhost:61976/devtoo..., se:cdpVersion: 103.0.5060.114, setWindowRect: true, strictFileInteractability: false, timeouts: {implicit: 0, pageLoad: 300000, script: 30000}, unhandledPromptBehavior: dismiss and notify, webauthn:extension:credBlob: true, webauthn:extension:largeBlob: true, webauthn:virtualAuthenticators: true}
Session ID: d846952a66cea7bcb16676bbebf2810f
</error>
  </testcase>
  <testcase name="Selecting the product correctly and seeing its definition #6" classname="Shopping from Amazon" time="30.052"/>
  <testcase name="Selecting the product correctly and seeing its definition #6" classname="Shopping from Amazon" time="0.008">
    <error message="no such window: target window already closed&#10;from unknown error: web view not found&#10;  (Session info: chrome=103.0.5060.114)&#10;Build info: version: &apos;4.1.4&apos;, revision: &apos;535d840ee2&apos;&#10;System info: host: &apos;00136C&apos;, ip: &apos;2607:9880:4130:5c:0:0:0:3a6c%en0&apos;, os.name: &apos;Mac OS X&apos;, os.arch: &apos;x86_64&apos;, os.version: &apos;10.16&apos;, java.version: &apos;15.0.1&apos;&#10;Driver info: org.openqa.selenium.chrome.ChromeDriver&#10;Command: [d846952a66cea7bcb16676bbebf2810f, maximizeCurrentWindow {}]&#10;Capabilities {acceptInsecureCerts: false, browserName: chrome, browserVersion: 103.0.5060.114, chrome: {chromedriverVersion: 103.0.5060.53 (a1711811edd7..., userDataDir: /var/folders/8d/2k8k0_ns53q...}, goog:chromeOptions: {debuggerAddress: localhost:61976}, javascriptEnabled: true, networkConnectionEnabled: false, pageLoadStrategy: normal, platform: MAC, platformName: MAC, proxy: Proxy(), se:cdp: ws://localhost:61976/devtoo..., se:cdpVersion: 103.0.5060.114, setWindowRect: true, strictFileInteractability: false, timeouts: {implicit: 0, pageLoad: 300000, script: 30000}, unhandledPromptBehavior: dismiss and notify, webauthn:extension:credBlob: true, webauthn:extension:largeBlob: true, webauthn:virtualAuthenticators: true}&#10;Session ID: d846952a66cea7bcb16676bbebf2810f" type="org.openqa.selenium.NoSuchWindowException">org.openqa.selenium.NoSuchWindowException: 
no such window: target window already closed
from unknown error: web view not found
  (Session info: chrome=103.0.5060.114)
Build info: version: '4.1.4', revision: '535d840ee2'
System info: host: '00136C', ip: '2607:9880:4130:5c:0:0:0:3a6c%en0', os.name: 'Mac OS X', os.arch: 'x86_64', os.version: '10.16', java.version: '15.0.1'
Driver info: org.openqa.selenium.chrome.ChromeDriver
Command: [d846952a66cea7bcb16676bbebf2810f, maximizeCurrentWindow {}]
Capabilities {acceptInsecureCerts: false, browserName: chrome, browserVersion: 103.0.5060.114, chrome: {chromedriverVersion: 103.0.5060.53 (a1711811edd7..., userDataDir: /var/folders/8d/2k8k0_ns53q...}, goog:chromeOptions: {debuggerAddress: localhost:61976}, javascriptEnabled: true, networkConnectionEnabled: false, pageLoadStrategy: normal, platform: MAC, platformName: MAC, proxy: Proxy(), se:cdp: ws://localhost:61976/devtoo..., se:cdpVersion: 103.0.5060.114, setWindowRect: true, strictFileInteractability: false, timeouts: {implicit: 0, pageLoad: 300000, script: 30000}, unhandledPromptBehavior: dismiss and notify, webauthn:extension:credBlob: true, webauthn:extension:largeBlob: true, webauthn:virtualAuthenticators: true}
Session ID: d846952a66cea7bcb16676bbebf2810f
</error>
    <system-out><![CDATA[
@amazon
Scenario Outline: Selecting the product correctly and seeing its definition                                                                                            &amp#27;[90m# src/test/resources/features/AmazonShopping.feature:23&amp#27;[0m
      &amp#27;[31morg.openqa.selenium.NoSuchWindowException: no such window: target window already closed
from unknown error: web view not found
  (Session info: chrome=103.0.5060.114)
Build info: version: '4.1.4', revision: '535d840ee2'
System info: host: '00136C', ip: '2607:9880:4130:5c:0:0:0:3a6c%en0', os.name: 'Mac OS X', os.arch: 'x86_64', os.version: '10.16', java.version: '15.0.1'
Driver info: org.openqa.selenium.chrome.ChromeDriver
Command: [d846952a66cea7bcb16676bbebf2810f, maximizeCurrentWindow {}]
Capabilities {acceptInsecureCerts: false, browserName: chrome, browserVersion: 103.0.5060.114, chrome: {chromedriverVersion: 103.0.5060.53 (a1711811edd7..., userDataDir: /var/folders/8d/2k8k0_ns53q...}, goog:chromeOptions: {debuggerAddress: localhost:61976}, javascriptEnabled: true, networkConnectionEnabled: false, pageLoadStrategy: normal, platform: MAC, platformName: MAC, proxy: Proxy(), se:cdp: ws://localhost:61976/devtoo..., se:cdpVersion: 103.0.5060.114, setWindowRect: true, strictFileInteractability: false, timeouts: {implicit: 0, pageLoad: 300000, script: 30000}, unhandledPromptBehavior: dismiss and notify, webauthn:extension:credBlob: true, webauthn:extension:largeBlob: true, webauthn:virtualAuthenticators: true}
Session ID: d846952a66cea7bcb16676bbebf2810f
	at jdk.internal.reflect.GeneratedConstructorAccessor13.newInstance(Unknown Source)
	at java.base/jdk.internal.reflect.DelegatingConstructorAccessorImpl.newInstance(DelegatingConstructorAccessorImpl.java:45)
	at java.base/java.lang.reflect.Constructor.newInstanceWithCaller(Constructor.java:500)
	at java.base/java.lang.reflect.Constructor.newInstance(Constructor.java:481)
	at org.openqa.selenium.remote.codec.w3c.W3CHttpResponseCodec.createException(W3CHttpResponseCodec.java:200)
	at org.openqa.selenium.remote.codec.w3c.W3CHttpResponseCodec.decode(W3CHttpResponseCodec.java:133)
	at org.openqa.selenium.remote.codec.w3c.W3CHttpResponseCodec.decode(W3CHttpResponseCodec.java:53)
	at org.openqa.selenium.remote.HttpCommandExecutor.execute(HttpCommandExecutor.java:184)
	at org.openqa.selenium.remote.service.DriverCommandExecutor.invokeExecute(DriverCommandExecutor.java:167)
	at org.openqa.selenium.remote.service.DriverCommandExecutor.execute(DriverCommandExecutor.java:142)
	at org.openqa.selenium.remote.RemoteWebDriver.execute(RemoteWebDriver.java:567)
	at org.openqa.selenium.remote.RemoteWebDriver.execute(RemoteWebDriver.java:622)
	at org.openqa.selenium.remote.RemoteWebDriver.execute(RemoteWebDriver.java:626)
	at org.openqa.selenium.remote.RemoteWebDriver$RemoteWebDriverOptions$RemoteWindow.maximize(RemoteWebDriver.java:993)
	at com.amazon.step_definitions.Hooks.setUp(Hooks.java:19)
&amp#27;[0m
  &amp#27;[36mGiven &amp#27;[0m&amp#27;[36mthe user is on the main page&amp#27;[0m                                                                                                                                   &amp#27;[90m# com.amazon.step_definitions.MainPageSteps.the_user_on_the_chart_page()&amp#27;[0m
  &amp#27;[36mWhen &amp#27;[0m&amp#27;[36mthe user clicks on burger menu for all products&amp#27;[0m                                                                                                                 &amp#27;[90m# com.amazon.step_definitions.MainPageSteps.the_user_clicks_to_burger_menu_for_all_products()&amp#27;[0m
  &amp#27;[36mThen &amp#27;[0m&amp#27;[36mthe user clicks &amp#27;[0m&amp#27;[36m&amp#27;[1m"Electronics, Computers & Office"&amp#27;[0m&amp#27;[36m on the main page&amp#27;[0m                                                                                              &amp#27;[90m# com.amazon.step_definitions.MainPageSteps.the_user_clicks_products_on_the_main_page(java.lang.String)&amp#27;[0m
  &amp#27;[36mAnd &amp#27;[0m&amp#27;[36mthe user clicks the &amp#27;[0m&amp#27;[36m&amp#27;[1m"Camera, Photo & Video"&amp#27;[0m&amp#27;[36m on the main page&amp#27;[0m                                                                                                     &amp#27;[90m# com.amazon.step_definitions.MainPageSteps.the_user_clicks_products(java.lang.String)&amp#27;[0m
  &amp#27;[36mAnd &amp#27;[0m&amp#27;[36mthe user is on the categorised product page with &amp#27;[0m&amp#27;[36m&amp#27;[1m"Amazon.ca: Camera, Photo & Video: Electronics: Video, Lighting & Studio, Accessories, Film Photography & More"&amp#27;[0m &amp#27;[90m# com.amazon.step_definitions.CategorisedProductPageSteps.the_user_on_the_categorised_product_page_title(java.lang.String)&amp#27;[0m
  &amp#27;[36mAnd &amp#27;[0m&amp#27;[36mthe user clicks the &amp#27;[0m&amp#27;[36m&amp#27;[1m"Tripods & Monopods"&amp#27;[0m&amp#27;[36m which is under the &amp#27;[0m&amp#27;[36m&amp#27;[1m"Electronics"&amp#27;[0m&amp#27;[36m on the categorised product page&amp#27;[0m                                                        &amp#27;[90m# com.amazon.step_definitions.CategorisedProductPageSteps.the_user_clicks_the_product_is_under_the_common_on_categorised_the_product_page(java.lang.String,java.lang.String)&amp#27;[0m
  &amp#27;[36mThen &amp#27;[0m&amp#27;[36mthe user is on the product page with &amp#27;[0m&amp#27;[36m&amp#27;[1m"Amazon.ca: Tripods & Monopods: Electronics: Complete Tripods, Monopods, Tripod Heads, Tabletop & Travel Tripods & More"&amp#27;[0m   &amp#27;[90m# com.amazon.step_definitions.ProductPageSteps.the_user_on_the_product_page(java.lang.String)&amp#27;[0m
  &amp#27;[36mWhen &amp#27;[0m&amp#27;[36mthe user clicks on the &amp#27;[0m&amp#27;[36m&amp#27;[1m"VIJIM"&amp#27;[0m                                                                                                                                  &amp#27;[90m# com.amazon.step_definitions.ProductPageSteps.the_user_clicks_on_the_particular_product(java.lang.String)&amp#27;[0m
  &amp#27;[36mAnd &amp#27;[0m&amp#27;[36mthe user selects price preference from &amp#27;[0m&amp#27;[36m&amp#27;[1m"Price: High to Low"&amp#27;[0m&amp#27;[36m on the result page&amp#27;[0m                                                                                   &amp#27;[90m# com.amazon.step_definitions.ResultsPageSteps.the_user_clicks_on_the_particular_product(java.lang.String)&amp#27;[0m
  &amp#27;[36mAnd &amp#27;[0m&amp#27;[36mthe user clicks the second highest priced product on the results page&amp#27;[0m                                                                                            &amp#27;[90m# com.amazon.step_definitions.ResultsPageSteps.the_user_clicks_the_second_highest_priced_product_on_the_results_page()&amp#27;[0m
  &amp#27;[36mThen &amp#27;[0m&amp#27;[36mthe product description header is visible to the user&amp#27;[0m                                                                                                           &amp#27;[90m# com.amazon.step_definitions.ProductDescriptionPageSteps.the_product_description_header_is_visible_to_the_user()&amp#27;[0m
Test failed
      &amp#27;[31morg.openqa.selenium.NoSuchWindowException: no such window: target window already closed
from unknown error: web view not found
  (Session info: chrome=103.0.5060.114)
Build info: version: '4.1.4', revision: '535d840ee2'
System info: host: '00136C', ip: '2607:9880:4130:5c:0:0:0:3a6c%en0', os.name: 'Mac OS X', os.arch: 'x86_64', os.version: '10.16', java.version: '15.0.1'
Driver info: org.openqa.selenium.chrome.ChromeDriver
Command: [d846952a66cea7bcb16676bbebf2810f, screenshot {}]
Capabilities {acceptInsecureCerts: false, browserName: chrome, browserVersion: 103.0.5060.114, chrome: {chromedriverVersion: 103.0.5060.53 (a1711811edd7..., userDataDir: /var/folders/8d/2k8k0_ns53q...}, goog:chromeOptions: {debuggerAddress: localhost:61976}, javascriptEnabled: true, networkConnectionEnabled: false, pageLoadStrategy: normal, platform: MAC, platformName: MAC, proxy: Proxy(), se:cdp: ws://localhost:61976/devtoo..., se:cdpVersion: 103.0.5060.114, setWindowRect: true, strictFileInteractability: false, timeouts: {implicit: 0, pageLoad: 300000, script: 30000}, unhandledPromptBehavior: dismiss and notify, webauthn:extension:credBlob: true, webauthn:extension:largeBlob: true, webauthn:virtualAuthenticators: true}
Session ID: d846952a66cea7bcb16676bbebf2810f
	at jdk.internal.reflect.GeneratedConstructorAccessor13.newInstance(Unknown Source)
	at java.base/jdk.internal.reflect.DelegatingConstructorAccessorImpl.newInstance(DelegatingConstructorAccessorImpl.java:45)
	at java.base/java.lang.reflect.Constructor.newInstanceWithCaller(Constructor.java:500)
	at java.base/java.lang.reflect.Constructor.newInstance(Constructor.java:481)
	at org.openqa.selenium.remote.codec.w3c.W3CHttpResponseCodec.createException(W3CHttpResponseCodec.java:200)
	at org.openqa.selenium.remote.codec.w3c.W3CHttpResponseCodec.decode(W3CHttpResponseCodec.java:133)
	at org.openqa.selenium.remote.codec.w3c.W3CHttpResponseCodec.decode(W3CHttpResponseCodec.java:53)
	at org.openqa.selenium.remote.HttpCommandExecutor.execute(HttpCommandExecutor.java:184)
	at org.openqa.selenium.remote.service.DriverCommandExecutor.invokeExecute(DriverCommandExecutor.java:167)
	at org.openqa.selenium.remote.service.DriverCommandExecutor.execute(DriverCommandExecutor.java:142)
	at org.openqa.selenium.remote.RemoteWebDriver.execute(RemoteWebDriver.java:567)
	at org.openqa.selenium.remote.RemoteWebDriver.execute(RemoteWebDriver.java:622)
	at org.openqa.selenium.remote.RemoteWebDriver.execute(RemoteWebDriver.java:626)
	at org.openqa.selenium.remote.RemoteWebDriver.getScreenshotAs(RemoteWebDriver.java:351)
	at com.amazon.step_definitions.Hooks.tearDown(Hooks.java:29)
&amp#27;[0m
]]></system-out>
  </testcase>
  <testcase name="Selecting the product correctly and seeing its definition #6" classname="Shopping from Amazon" time="0">
    <error message="no such window: target window already closed&#10;from unknown error: web view not found&#10;  (Session info: chrome=103.0.5060.114)&#10;Build info: version: &apos;4.1.4&apos;, revision: &apos;535d840ee2&apos;&#10;System info: host: &apos;00136C&apos;, ip: &apos;2607:9880:4130:5c:0:0:0:3a6c%en0&apos;, os.name: &apos;Mac OS X&apos;, os.arch: &apos;x86_64&apos;, os.version: &apos;10.16&apos;, java.version: &apos;15.0.1&apos;&#10;Driver info: org.openqa.selenium.chrome.ChromeDriver&#10;Command: [d846952a66cea7bcb16676bbebf2810f, screenshot {}]&#10;Capabilities {acceptInsecureCerts: false, browserName: chrome, browserVersion: 103.0.5060.114, chrome: {chromedriverVersion: 103.0.5060.53 (a1711811edd7..., userDataDir: /var/folders/8d/2k8k0_ns53q...}, goog:chromeOptions: {debuggerAddress: localhost:61976}, javascriptEnabled: true, networkConnectionEnabled: false, pageLoadStrategy: normal, platform: MAC, platformName: MAC, proxy: Proxy(), se:cdp: ws://localhost:61976/devtoo..., se:cdpVersion: 103.0.5060.114, setWindowRect: true, strictFileInteractability: false, timeouts: {implicit: 0, pageLoad: 300000, script: 30000}, unhandledPromptBehavior: dismiss and notify, webauthn:extension:credBlob: true, webauthn:extension:largeBlob: true, webauthn:virtualAuthenticators: true}&#10;Session ID: d846952a66cea7bcb16676bbebf2810f" type="org.openqa.selenium.NoSuchWindowException">org.openqa.selenium.NoSuchWindowException: 
no such window: target window already closed
from unknown error: web view not found
  (Session info: chrome=103.0.5060.114)
Build info: version: '4.1.4', revision: '535d840ee2'
System info: host: '00136C', ip: '2607:9880:4130:5c:0:0:0:3a6c%en0', os.name: 'Mac OS X', os.arch: 'x86_64', os.version: '10.16', java.version: '15.0.1'
Driver info: org.openqa.selenium.chrome.ChromeDriver
Command: [d846952a66cea7bcb16676bbebf2810f, screenshot {}]
Capabilities {acceptInsecureCerts: false, browserName: chrome, browserVersion: 103.0.5060.114, chrome: {chromedriverVersion: 103.0.5060.53 (a1711811edd7..., userDataDir: /var/folders/8d/2k8k0_ns53q...}, goog:chromeOptions: {debuggerAddress: localhost:61976}, javascriptEnabled: true, networkConnectionEnabled: false, pageLoadStrategy: normal, platform: MAC, platformName: MAC, proxy: Proxy(), se:cdp: ws://localhost:61976/devtoo..., se:cdpVersion: 103.0.5060.114, setWindowRect: true, strictFileInteractability: false, timeouts: {implicit: 0, pageLoad: 300000, script: 30000}, unhandledPromptBehavior: dismiss and notify, webauthn:extension:credBlob: true, webauthn:extension:largeBlob: true, webauthn:virtualAuthenticators: true}
Session ID: d846952a66cea7bcb16676bbebf2810f
</error>
  </testcase>
</testsuite>